
121	121	0	100.00	complete.gtf
121	121	0	100.00	complete.gtf

# from file complete.id parsed IDs: 122
# not found in input: 1
# done
X1
X2
X3
X4
X5
X6
X7
X8
# from file training.list parsed IDs: 117
# not found in input: 0
# done

464	344	120	74.14	p_hints_nonhc.gtf
435	344	91	79.08	r_hints_nonhc.gtf


659	379	280	57.51	prothint/prothint.gff
435	379	56	87.13	r_hints_nonhc.gtf


659	379	280	57.51	prothint/prothint.gff
435	379	56	87.13	r_hints_nonhc.gtf

# number of transcripts in file: 266 /workspace/B3/BRAKER3/GeneMark-ETP/proteins.fa/genemark_supported.gtf
# number of genes in set: 261
# removed partial: 1
# genes found for training: 261

659	379	280	57.51	prothint/prothint.gff
435	379	56	87.13	r_hints_nonhc.gtf

# number of transcripts in file: 266 /workspace/B3/BRAKER3/GeneMark-ETP/proteins.fa/genemark_supported.gtf
# number of genes in set: 261
# removed partial: 1
# genes found for training: 261

659	379	280	57.51	prothint/prothint.gff
435	379	56	87.13	r_hints_nonhc.gtf

