ProtHint Version 2.6.0
Copyright 2019, Georgia Institute of Technology, USA

Please cite
  - ProtHint: https://doi.org/10.1093/nargab/lqaa026
  - DIAMOND:  https://doi.org/10.1038/nmeth.3176
  - Spaln:    https://doi.org/10.1093/bioinformatics/btn460

Called from: /workspace/B3/BRAKER3/GeneMark-ETP/rnaseq/hints/proteins.fa/prothint
Cmd: /opt/ETP/bin/gmes/ProtHint/bin/prothint.py --geneSeeds /workspace/B3/BRAKER3/GeneMark-ETP/rnaseq/gmst/genome_gmst.gtf /workspace/B3/BRAKER3/GeneMark-ETP/data/genome.fasta /workspace/B3/BRAKER3/GeneMark-ETP/data/proteins.fa --longGene 30000000 --longProtein 15000000

[Mon Sep 18 14:48:54 2023] Pre-processing protein input
[Mon Sep 18 14:49:00 2023] Skipping GeneMark-ES, using the supplied gene seeds file instead
[Mon Sep 18 14:49:00 2023] Translating gene seeds to proteins
[Mon Sep 18 14:49:00 2023] Translation of seeds finished
[Mon Sep 18 14:49:00 2023] Running DIAMOND
diamond v0.9.24.125 | by Benjamin Buchfink <buchfink@gmail.com>
Licensed under the GNU GPL <https://www.gnu.org/licenses/gpl.txt>
Check http://github.com/bbuchfink/diamond for updates.

#CPU threads: 16
Scoring parameters: (Matrix=BLOSUM62 Lambda=0.267 K=0.041 Penalties=11/1)
Database file: /workspace/B3/BRAKER3/GeneMark-ETP/rnaseq/hints/proteins.fa/prothint/protmbtypzmg
Opening the database file...  [0.000147s]
Loading sequences...  [4.82612s]
Masking sequences...  [51.3641s]
Writing sequences...  [1.33124s]
Hashing sequences...  [0.323306s]
Loading sequences...  [4.74772s]
Masking sequences...  [41.7674s]
Writing sequences...  [1.36535s]
Hashing sequences...  [0.314874s]
Loading sequences...  [1.10919s]
Masking sequences...  [15.0009s]
Writing sequences...  [0.332214s]
Hashing sequences...  [0.084776s]
Loading sequences...  [1.9e-05s]
Writing trailer...  [0.097024s]
Closing the input file...  [4.5e-05s]
Closing the database file...  [4.4e-05s]
Database hash = 9e33dd1d748ceef21369675bf561379c
Processed 5310477 sequences, 2261205223 letters.
Total time = 122.666s
diamond v0.9.24.125 | by Benjamin Buchfink <buchfink@gmail.com>
Licensed under the GNU GPL <https://www.gnu.org/licenses/gpl.txt>
Check http://github.com/bbuchfink/diamond for updates.

#CPU threads: 16
Scoring parameters: (Matrix=BLOSUM62 Lambda=0.267 K=0.041 Penalties=11/1)
Temporary directory: 
Opening the database...  [5.6e-05s]
#Target sequences to report alignments for: 25
Opening the input file...  [2.9e-05s]
Opening the output file...  [3.4e-05s]
Loading query sequences...  [0.000364s]
Masking queries...  [0.003172s]
Building query seed set...  [0.002164s]
Algorithm: Query-indexed
Building query histograms...  [0.000959s]
Allocating buffers...  [4.4e-05s]
Loading reference sequences...  [3.3986s]
Building reference histograms...  [0.957647s]
Allocating buffers...  [7e-05s]
Initializing temporary storage...  [0.009496s]
Processing query chunk 0, reference chunk 0, shape 0, index chunk 0.
Building reference index...  [1.49701s]
Building query index...  [0.00313s]
Building seed filter...  [0.022137s]
Searching alignments...  [2.92165s]
Deallocating buffers...  [0.066773s]
Opening temporary output file...  [0.0001s]
Computing alignments...  [2.96562s]
Deallocating reference...  [0.212998s]
Loading reference sequences...  [0.435079s]
Building reference histograms...  [0.287393s]
Allocating buffers...  [5.1e-05s]
Initializing temporary storage...  [0.007719s]
Processing query chunk 0, reference chunk 1, shape 0, index chunk 0.
Building reference index...  [0.57279s]
Building query index...  [0.002255s]
Building seed filter...  [0.004433s]
Searching alignments...  [0.609541s]
Deallocating buffers...  [0.011461s]
Opening temporary output file...  [0.000125s]
Computing alignments...  [0.702356s]
Deallocating reference...  [0.03711s]
Loading reference sequences...  [2.8e-05s]
Deallocating buffers...  [0.000309s]
Joining output blocks...  [0.009317s]
Deallocating queries...  [0.005965s]
Loading query sequences...  [1.8e-05s]
Closing the input file...  [3e-05s]
Closing the output file...  [4e-05s]
Closing the database file...  [1.9e-05s]
Deallocating taxonomy...  [6e-06s]
Total time = 14.7513s
Reported 5126 pairwise alignments, 5126 HSPs.
209 queries aligned.
[Mon Sep 18 14:51:17 2023] DIAMOND finished
[Mon Sep 18 14:51:17 2023] Preparing pairs for alignments
[Mon Sep 18 14:51:18 2023] Preparation of pairs finished
[Mon Sep 18 14:51:18 2023] Starting spliced alignment with spaln
[Mon Sep 18 14:51:18 2023] Loading alignment pairs into memory
[Mon Sep 18 14:51:24 2023] Pairs loaded. Number of pairs to align: 5126
[Mon Sep 18 14:51:24 2023] Starting the alignments
[Mon Sep 18 14:51:24 2023] Enqueueing pair 0/5126 (0.0%)
[Mon Sep 18 14:51:24 2023] Enqueueing pair 6/5126 (0.1%)
[Mon Sep 18 14:51:24 2023] Enqueueing pair 11/5126 (0.2%)
[Mon Sep 18 14:51:24 2023] Enqueueing pair 16/5126 (0.3%)
[Mon Sep 18 14:51:24 2023] Enqueueing pair 21/5126 (0.4%)
[Mon Sep 18 14:51:24 2023] Enqueueing pair 26/5126 (0.5%)
[Mon Sep 18 14:51:24 2023] Enqueueing pair 31/5126 (0.6%)
[Mon Sep 18 14:51:24 2023] Enqueueing pair 36/5126 (0.7%)
[Mon Sep 18 14:51:24 2023] Enqueueing pair 42/5126 (0.8%)
[Mon Sep 18 14:51:24 2023] Enqueueing pair 47/5126 (0.9%)
[Mon Sep 18 14:51:24 2023] Enqueueing pair 52/5126 (1.0%)
[Mon Sep 18 14:51:24 2023] Enqueueing pair 57/5126 (1.1%)
[Mon Sep 18 14:51:24 2023] Enqueueing pair 62/5126 (1.2%)
[Mon Sep 18 14:51:24 2023] Enqueueing pair 67/5126 (1.3%)
[Mon Sep 18 14:51:24 2023] Enqueueing pair 72/5126 (1.4%)
[Mon Sep 18 14:51:24 2023] Enqueueing pair 77/5126 (1.5%)
[Mon Sep 18 14:51:24 2023] Enqueueing pair 83/5126 (1.6%)
[Mon Sep 18 14:51:24 2023] Enqueueing pair 88/5126 (1.7%)
[Mon Sep 18 14:51:24 2023] Enqueueing pair 93/5126 (1.8%)
[Mon Sep 18 14:51:24 2023] Enqueueing pair 98/5126 (1.9%)
[Mon Sep 18 14:51:24 2023] Enqueueing pair 103/5126 (2.0%)
[Mon Sep 18 14:51:24 2023] Enqueueing pair 108/5126 (2.1%)
[Mon Sep 18 14:51:24 2023] Enqueueing pair 113/5126 (2.2%)
[Mon Sep 18 14:51:24 2023] Enqueueing pair 118/5126 (2.3%)
[Mon Sep 18 14:51:24 2023] Enqueueing pair 124/5126 (2.4%)
[Mon Sep 18 14:51:24 2023] Enqueueing pair 129/5126 (2.5%)
[Mon Sep 18 14:51:24 2023] Enqueueing pair 134/5126 (2.6%)
[Mon Sep 18 14:51:24 2023] Enqueueing pair 139/5126 (2.7%)
[Mon Sep 18 14:51:24 2023] Enqueueing pair 144/5126 (2.8%)
[Mon Sep 18 14:51:24 2023] Enqueueing pair 149/5126 (2.9%)
[Mon Sep 18 14:51:24 2023] Enqueueing pair 154/5126 (3.0%)
[Mon Sep 18 14:51:24 2023] Enqueueing pair 159/5126 (3.1%)
[Mon Sep 18 14:51:24 2023] Enqueueing pair 165/5126 (3.2%)
[Mon Sep 18 14:51:24 2023] Enqueueing pair 170/5126 (3.3%)
[Mon Sep 18 14:51:24 2023] Enqueueing pair 175/5126 (3.4%)
[Mon Sep 18 14:51:24 2023] Enqueueing pair 180/5126 (3.5%)
[Mon Sep 18 14:51:24 2023] Enqueueing pair 185/5126 (3.6%)
[Mon Sep 18 14:51:24 2023] Enqueueing pair 190/5126 (3.7%)
[Mon Sep 18 14:51:24 2023] Enqueueing pair 195/5126 (3.8%)
[Mon Sep 18 14:51:24 2023] Enqueueing pair 200/5126 (3.9%)
[Mon Sep 18 14:51:24 2023] Enqueueing pair 206/5126 (4.0%)
[Mon Sep 18 14:51:24 2023] Enqueueing pair 211/5126 (4.1%)
[Mon Sep 18 14:51:24 2023] Enqueueing pair 216/5126 (4.2%)
[Mon Sep 18 14:51:24 2023] Enqueueing pair 221/5126 (4.3%)
[Mon Sep 18 14:51:24 2023] Enqueueing pair 226/5126 (4.4%)
[Mon Sep 18 14:51:24 2023] Enqueueing pair 231/5126 (4.5%)
[Mon Sep 18 14:51:24 2023] Enqueueing pair 236/5126 (4.6%)
[Mon Sep 18 14:51:24 2023] Enqueueing pair 241/5126 (4.7%)
[Mon Sep 18 14:51:24 2023] Enqueueing pair 247/5126 (4.8%)
[Mon Sep 18 14:51:24 2023] Enqueueing pair 252/5126 (4.9%)
[Mon Sep 18 14:51:24 2023] Enqueueing pair 257/5126 (5.0%)
[Mon Sep 18 14:51:24 2023] Enqueueing pair 262/5126 (5.1%)
[Mon Sep 18 14:51:24 2023] Enqueueing pair 267/5126 (5.2%)
[Mon Sep 18 14:51:24 2023] Enqueueing pair 272/5126 (5.3%)
[Mon Sep 18 14:51:24 2023] Enqueueing pair 277/5126 (5.4%)
[Mon Sep 18 14:51:24 2023] Enqueueing pair 282/5126 (5.5%)
[Mon Sep 18 14:51:24 2023] Enqueueing pair 288/5126 (5.6%)
[Mon Sep 18 14:51:24 2023] Enqueueing pair 293/5126 (5.7%)
[Mon Sep 18 14:51:24 2023] Enqueueing pair 298/5126 (5.8%)
[Mon Sep 18 14:51:24 2023] Enqueueing pair 303/5126 (5.9%)
[Mon Sep 18 14:51:24 2023] Enqueueing pair 308/5126 (6.0%)
[Mon Sep 18 14:51:24 2023] Enqueueing pair 313/5126 (6.1%)
[Mon Sep 18 14:51:24 2023] Enqueueing pair 318/5126 (6.2%)
[Mon Sep 18 14:51:24 2023] Enqueueing pair 323/5126 (6.3%)
[Mon Sep 18 14:51:24 2023] Enqueueing pair 329/5126 (6.4%)
[Mon Sep 18 14:51:24 2023] Enqueueing pair 334/5126 (6.5%)
[Mon Sep 18 14:51:24 2023] Enqueueing pair 339/5126 (6.6%)
[Mon Sep 18 14:51:24 2023] Enqueueing pair 344/5126 (6.7%)
[Mon Sep 18 14:51:24 2023] Enqueueing pair 349/5126 (6.8%)
[Mon Sep 18 14:51:24 2023] Enqueueing pair 354/5126 (6.9%)
[Mon Sep 18 14:51:24 2023] Enqueueing pair 359/5126 (7.0%)
[Mon Sep 18 14:51:24 2023] Enqueueing pair 364/5126 (7.1%)
[Mon Sep 18 14:51:24 2023] Enqueueing pair 370/5126 (7.2%)
[Mon Sep 18 14:51:24 2023] Enqueueing pair 375/5126 (7.3%)
[Mon Sep 18 14:51:24 2023] Enqueueing pair 380/5126 (7.4%)
[Mon Sep 18 14:51:24 2023] Enqueueing pair 385/5126 (7.5%)
[Mon Sep 18 14:51:24 2023] Enqueueing pair 390/5126 (7.6%)
[Mon Sep 18 14:51:24 2023] Enqueueing pair 395/5126 (7.7%)
[Mon Sep 18 14:51:24 2023] Enqueueing pair 400/5126 (7.8%)
[Mon Sep 18 14:51:24 2023] Enqueueing pair 405/5126 (7.9%)
[Mon Sep 18 14:51:24 2023] Enqueueing pair 411/5126 (8.0%)
[Mon Sep 18 14:51:24 2023] Enqueueing pair 416/5126 (8.1%)
[Mon Sep 18 14:51:24 2023] Enqueueing pair 421/5126 (8.2%)
[Mon Sep 18 14:51:24 2023] Enqueueing pair 426/5126 (8.3%)
[Mon Sep 18 14:51:24 2023] Enqueueing pair 431/5126 (8.4%)
[Mon Sep 18 14:51:24 2023] Enqueueing pair 436/5126 (8.5%)
[Mon Sep 18 14:51:24 2023] Enqueueing pair 441/5126 (8.6%)
[Mon Sep 18 14:51:24 2023] Enqueueing pair 446/5126 (8.7%)
[Mon Sep 18 14:51:24 2023] Enqueueing pair 452/5126 (8.8%)
[Mon Sep 18 14:51:24 2023] Enqueueing pair 457/5126 (8.9%)
[Mon Sep 18 14:51:24 2023] Enqueueing pair 462/5126 (9.0%)
[Mon Sep 18 14:51:24 2023] Enqueueing pair 467/5126 (9.1%)
[Mon Sep 18 14:51:24 2023] Enqueueing pair 472/5126 (9.2%)
[Mon Sep 18 14:51:24 2023] Enqueueing pair 477/5126 (9.3%)
[Mon Sep 18 14:51:24 2023] Enqueueing pair 482/5126 (9.4%)
[Mon Sep 18 14:51:24 2023] Enqueueing pair 487/5126 (9.5%)
[Mon Sep 18 14:51:24 2023] Enqueueing pair 493/5126 (9.6%)
[Mon Sep 18 14:51:24 2023] Enqueueing pair 498/5126 (9.7%)
[Mon Sep 18 14:51:24 2023] Enqueueing pair 503/5126 (9.8%)
[Mon Sep 18 14:51:24 2023] Enqueueing pair 508/5126 (9.9%)
[Mon Sep 18 14:51:24 2023] Enqueueing pair 513/5126 (10.0%)
[Mon Sep 18 14:51:24 2023] Enqueueing pair 518/5126 (10.1%)
[Mon Sep 18 14:51:24 2023] Enqueueing pair 523/5126 (10.2%)
[Mon Sep 18 14:51:24 2023] Enqueueing pair 528/5126 (10.3%)
[Mon Sep 18 14:51:24 2023] Enqueueing pair 534/5126 (10.4%)
[Mon Sep 18 14:51:24 2023] Enqueueing pair 539/5126 (10.5%)
[Mon Sep 18 14:51:24 2023] Enqueueing pair 544/5126 (10.6%)
[Mon Sep 18 14:51:24 2023] Enqueueing pair 549/5126 (10.7%)
[Mon Sep 18 14:51:24 2023] Enqueueing pair 554/5126 (10.8%)
[Mon Sep 18 14:51:24 2023] Enqueueing pair 559/5126 (10.9%)
[Mon Sep 18 14:51:24 2023] Enqueueing pair 564/5126 (11.0%)
[Mon Sep 18 14:51:24 2023] Enqueueing pair 569/5126 (11.1%)
[Mon Sep 18 14:51:24 2023] Enqueueing pair 575/5126 (11.2%)
[Mon Sep 18 14:51:24 2023] Enqueueing pair 580/5126 (11.3%)
[Mon Sep 18 14:51:24 2023] Enqueueing pair 585/5126 (11.4%)
[Mon Sep 18 14:51:24 2023] Enqueueing pair 590/5126 (11.5%)
[Mon Sep 18 14:51:24 2023] Enqueueing pair 595/5126 (11.6%)
[Mon Sep 18 14:51:24 2023] Enqueueing pair 600/5126 (11.7%)
[Mon Sep 18 14:51:24 2023] Enqueueing pair 605/5126 (11.8%)
[Mon Sep 18 14:51:24 2023] Enqueueing pair 610/5126 (11.9%)
[Mon Sep 18 14:51:24 2023] Enqueueing pair 616/5126 (12.0%)
[Mon Sep 18 14:51:24 2023] Enqueueing pair 621/5126 (12.1%)
[Mon Sep 18 14:51:24 2023] Enqueueing pair 626/5126 (12.2%)
[Mon Sep 18 14:51:24 2023] Enqueueing pair 631/5126 (12.3%)
[Mon Sep 18 14:51:24 2023] Enqueueing pair 636/5126 (12.4%)
[Mon Sep 18 14:51:24 2023] Enqueueing pair 641/5126 (12.5%)
[Mon Sep 18 14:51:24 2023] Enqueueing pair 646/5126 (12.6%)
[Mon Sep 18 14:51:24 2023] Enqueueing pair 652/5126 (12.7%)
[Mon Sep 18 14:51:24 2023] Enqueueing pair 657/5126 (12.8%)
[Mon Sep 18 14:51:24 2023] Enqueueing pair 662/5126 (12.9%)
[Mon Sep 18 14:51:24 2023] Enqueueing pair 667/5126 (13.0%)
[Mon Sep 18 14:51:24 2023] Enqueueing pair 672/5126 (13.1%)
[Mon Sep 18 14:51:24 2023] Enqueueing pair 677/5126 (13.2%)
[Mon Sep 18 14:51:24 2023] Enqueueing pair 682/5126 (13.3%)
[Mon Sep 18 14:51:24 2023] Enqueueing pair 687/5126 (13.4%)
[Mon Sep 18 14:51:24 2023] Enqueueing pair 693/5126 (13.5%)
[Mon Sep 18 14:51:24 2023] Enqueueing pair 698/5126 (13.6%)
[Mon Sep 18 14:51:24 2023] Enqueueing pair 703/5126 (13.7%)
[Mon Sep 18 14:51:24 2023] Enqueueing pair 708/5126 (13.8%)
[Mon Sep 18 14:51:24 2023] Enqueueing pair 713/5126 (13.9%)
[Mon Sep 18 14:51:24 2023] Enqueueing pair 718/5126 (14.0%)
[Mon Sep 18 14:51:24 2023] Enqueueing pair 723/5126 (14.1%)
[Mon Sep 18 14:51:24 2023] Enqueueing pair 728/5126 (14.2%)
[Mon Sep 18 14:51:24 2023] Enqueueing pair 734/5126 (14.3%)
[Mon Sep 18 14:51:24 2023] Enqueueing pair 739/5126 (14.4%)
[Mon Sep 18 14:51:24 2023] Enqueueing pair 744/5126 (14.5%)
[Mon Sep 18 14:51:24 2023] Enqueueing pair 749/5126 (14.6%)
[Mon Sep 18 14:51:24 2023] Enqueueing pair 754/5126 (14.7%)
[Mon Sep 18 14:51:24 2023] Enqueueing pair 759/5126 (14.8%)
[Mon Sep 18 14:51:24 2023] Enqueueing pair 764/5126 (14.9%)
[Mon Sep 18 14:51:24 2023] Enqueueing pair 769/5126 (15.0%)
[Mon Sep 18 14:51:24 2023] Enqueueing pair 775/5126 (15.1%)
[Mon Sep 18 14:51:24 2023] Enqueueing pair 780/5126 (15.2%)
[Mon Sep 18 14:51:24 2023] Enqueueing pair 785/5126 (15.3%)
[Mon Sep 18 14:51:24 2023] Enqueueing pair 790/5126 (15.4%)
[Mon Sep 18 14:51:24 2023] Enqueueing pair 795/5126 (15.5%)
[Mon Sep 18 14:51:24 2023] Enqueueing pair 800/5126 (15.6%)
[Mon Sep 18 14:51:24 2023] Enqueueing pair 805/5126 (15.7%)
[Mon Sep 18 14:51:24 2023] Enqueueing pair 810/5126 (15.8%)
[Mon Sep 18 14:51:24 2023] Enqueueing pair 816/5126 (15.9%)
[Mon Sep 18 14:51:24 2023] Enqueueing pair 821/5126 (16.0%)
[Mon Sep 18 14:51:24 2023] Enqueueing pair 826/5126 (16.1%)
[Mon Sep 18 14:51:24 2023] Enqueueing pair 831/5126 (16.2%)
[Mon Sep 18 14:51:24 2023] Enqueueing pair 836/5126 (16.3%)
[Mon Sep 18 14:51:24 2023] Enqueueing pair 841/5126 (16.4%)
[Mon Sep 18 14:51:24 2023] Enqueueing pair 846/5126 (16.5%)
[Mon Sep 18 14:51:24 2023] Enqueueing pair 851/5126 (16.6%)
[Mon Sep 18 14:51:24 2023] Enqueueing pair 857/5126 (16.7%)
[Mon Sep 18 14:51:24 2023] Enqueueing pair 862/5126 (16.8%)
[Mon Sep 18 14:51:24 2023] Enqueueing pair 867/5126 (16.9%)
[Mon Sep 18 14:51:24 2023] Enqueueing pair 872/5126 (17.0%)
[Mon Sep 18 14:51:24 2023] Enqueueing pair 877/5126 (17.1%)
[Mon Sep 18 14:51:24 2023] Enqueueing pair 882/5126 (17.2%)
[Mon Sep 18 14:51:24 2023] Enqueueing pair 887/5126 (17.3%)
[Mon Sep 18 14:51:24 2023] Enqueueing pair 892/5126 (17.4%)
[Mon Sep 18 14:51:24 2023] Enqueueing pair 898/5126 (17.5%)
[Mon Sep 18 14:51:24 2023] Enqueueing pair 903/5126 (17.6%)
[Mon Sep 18 14:51:24 2023] Enqueueing pair 908/5126 (17.7%)
[Mon Sep 18 14:51:24 2023] Enqueueing pair 913/5126 (17.8%)
[Mon Sep 18 14:51:24 2023] Enqueueing pair 918/5126 (17.9%)
[Mon Sep 18 14:51:24 2023] Enqueueing pair 923/5126 (18.0%)
[Mon Sep 18 14:51:24 2023] Enqueueing pair 928/5126 (18.1%)
[Mon Sep 18 14:51:24 2023] Enqueueing pair 933/5126 (18.2%)
[Mon Sep 18 14:51:24 2023] Enqueueing pair 939/5126 (18.3%)
[Mon Sep 18 14:51:24 2023] Enqueueing pair 944/5126 (18.4%)
[Mon Sep 18 14:51:24 2023] Enqueueing pair 949/5126 (18.5%)
[Mon Sep 18 14:51:24 2023] Enqueueing pair 954/5126 (18.6%)
[Mon Sep 18 14:51:24 2023] Enqueueing pair 959/5126 (18.7%)
[Mon Sep 18 14:51:24 2023] Enqueueing pair 964/5126 (18.8%)
[Mon Sep 18 14:51:24 2023] Enqueueing pair 969/5126 (18.9%)
[Mon Sep 18 14:51:24 2023] Enqueueing pair 974/5126 (19.0%)
[Mon Sep 18 14:51:24 2023] Enqueueing pair 980/5126 (19.1%)
[Mon Sep 18 14:51:24 2023] Enqueueing pair 985/5126 (19.2%)
[Mon Sep 18 14:51:24 2023] Enqueueing pair 990/5126 (19.3%)
[Mon Sep 18 14:51:24 2023] Enqueueing pair 995/5126 (19.4%)
[Mon Sep 18 14:51:24 2023] Enqueueing pair 1000/5126 (19.5%)
[Mon Sep 18 14:51:24 2023] Enqueueing pair 1005/5126 (19.6%)
[Mon Sep 18 14:51:24 2023] Enqueueing pair 1010/5126 (19.7%)
[Mon Sep 18 14:51:24 2023] Enqueueing pair 1015/5126 (19.8%)
[Mon Sep 18 14:51:24 2023] Enqueueing pair 1021/5126 (19.9%)
[Mon Sep 18 14:51:24 2023] Enqueueing pair 1026/5126 (20.0%)
[Mon Sep 18 14:51:24 2023] Enqueueing pair 1031/5126 (20.1%)
[Mon Sep 18 14:51:24 2023] Enqueueing pair 1036/5126 (20.2%)
[Mon Sep 18 14:51:24 2023] Enqueueing pair 1041/5126 (20.3%)
[Mon Sep 18 14:51:24 2023] Enqueueing pair 1046/5126 (20.4%)
[Mon Sep 18 14:51:24 2023] Enqueueing pair 1051/5126 (20.5%)
[Mon Sep 18 14:51:24 2023] Enqueueing pair 1056/5126 (20.6%)
[Mon Sep 18 14:51:24 2023] Enqueueing pair 1062/5126 (20.7%)
[Mon Sep 18 14:51:24 2023] Enqueueing pair 1067/5126 (20.8%)
[Mon Sep 18 14:51:24 2023] Enqueueing pair 1072/5126 (20.9%)
[Mon Sep 18 14:51:24 2023] Enqueueing pair 1077/5126 (21.0%)
[Mon Sep 18 14:51:24 2023] Enqueueing pair 1082/5126 (21.1%)
[Mon Sep 18 14:51:24 2023] Enqueueing pair 1087/5126 (21.2%)
[Mon Sep 18 14:51:24 2023] Enqueueing pair 1092/5126 (21.3%)
[Mon Sep 18 14:51:24 2023] Enqueueing pair 1097/5126 (21.4%)
[Mon Sep 18 14:51:24 2023] Enqueueing pair 1103/5126 (21.5%)
[Mon Sep 18 14:51:24 2023] Enqueueing pair 1108/5126 (21.6%)
[Mon Sep 18 14:51:24 2023] Enqueueing pair 1113/5126 (21.7%)
[Mon Sep 18 14:51:24 2023] Enqueueing pair 1118/5126 (21.8%)
[Mon Sep 18 14:51:24 2023] Enqueueing pair 1123/5126 (21.9%)
[Mon Sep 18 14:51:24 2023] Enqueueing pair 1128/5126 (22.0%)
[Mon Sep 18 14:51:24 2023] Enqueueing pair 1133/5126 (22.1%)
[Mon Sep 18 14:51:24 2023] Enqueueing pair 1138/5126 (22.2%)
[Mon Sep 18 14:51:24 2023] Enqueueing pair 1144/5126 (22.3%)
[Mon Sep 18 14:51:24 2023] Enqueueing pair 1149/5126 (22.4%)
[Mon Sep 18 14:51:24 2023] Enqueueing pair 1154/5126 (22.5%)
[Mon Sep 18 14:51:24 2023] Enqueueing pair 1159/5126 (22.6%)
[Mon Sep 18 14:51:24 2023] Enqueueing pair 1164/5126 (22.7%)
[Mon Sep 18 14:51:25 2023] Enqueueing pair 1169/5126 (22.8%)
[Mon Sep 18 14:51:25 2023] Enqueueing pair 1174/5126 (22.9%)
[Mon Sep 18 14:51:25 2023] Enqueueing pair 1179/5126 (23.0%)
[Mon Sep 18 14:51:25 2023] Enqueueing pair 1185/5126 (23.1%)
[Mon Sep 18 14:51:25 2023] Enqueueing pair 1190/5126 (23.2%)
[Mon Sep 18 14:51:25 2023] Enqueueing pair 1195/5126 (23.3%)
[Mon Sep 18 14:51:25 2023] Enqueueing pair 1200/5126 (23.4%)
[Mon Sep 18 14:51:25 2023] Enqueueing pair 1205/5126 (23.5%)
[Mon Sep 18 14:51:25 2023] Enqueueing pair 1210/5126 (23.6%)
[Mon Sep 18 14:51:25 2023] Enqueueing pair 1215/5126 (23.7%)
[Mon Sep 18 14:51:25 2023] Enqueueing pair 1220/5126 (23.8%)
[Mon Sep 18 14:51:25 2023] Enqueueing pair 1226/5126 (23.9%)
[Mon Sep 18 14:51:25 2023] Enqueueing pair 1231/5126 (24.0%)
[Mon Sep 18 14:51:25 2023] Enqueueing pair 1236/5126 (24.1%)
[Mon Sep 18 14:51:25 2023] Enqueueing pair 1241/5126 (24.2%)
[Mon Sep 18 14:51:25 2023] Enqueueing pair 1246/5126 (24.3%)
[Mon Sep 18 14:51:25 2023] Enqueueing pair 1251/5126 (24.4%)
[Mon Sep 18 14:51:25 2023] Enqueueing pair 1256/5126 (24.5%)
[Mon Sep 18 14:51:25 2023] Enqueueing pair 1261/5126 (24.6%)
[Mon Sep 18 14:51:25 2023] Enqueueing pair 1267/5126 (24.7%)
[Mon Sep 18 14:51:25 2023] Enqueueing pair 1272/5126 (24.8%)
[Mon Sep 18 14:51:25 2023] Enqueueing pair 1277/5126 (24.9%)
[Mon Sep 18 14:51:25 2023] Enqueueing pair 1282/5126 (25.0%)
[Mon Sep 18 14:51:25 2023] Enqueueing pair 1287/5126 (25.1%)
[Mon Sep 18 14:51:25 2023] Enqueueing pair 1292/5126 (25.2%)
[Mon Sep 18 14:51:25 2023] Enqueueing pair 1297/5126 (25.3%)
[Mon Sep 18 14:51:25 2023] Enqueueing pair 1303/5126 (25.4%)
[Mon Sep 18 14:51:25 2023] Enqueueing pair 1308/5126 (25.5%)
[Mon Sep 18 14:51:25 2023] Enqueueing pair 1313/5126 (25.6%)
[Mon Sep 18 14:51:25 2023] Enqueueing pair 1318/5126 (25.7%)
[Mon Sep 18 14:51:25 2023] Enqueueing pair 1323/5126 (25.8%)
[Mon Sep 18 14:51:25 2023] Enqueueing pair 1328/5126 (25.9%)
[Mon Sep 18 14:51:25 2023] Enqueueing pair 1333/5126 (26.0%)
[Mon Sep 18 14:51:25 2023] Enqueueing pair 1338/5126 (26.1%)
[Mon Sep 18 14:51:25 2023] Enqueueing pair 1344/5126 (26.2%)
[Mon Sep 18 14:51:25 2023] Enqueueing pair 1349/5126 (26.3%)
[Mon Sep 18 14:51:25 2023] Enqueueing pair 1354/5126 (26.4%)
[Mon Sep 18 14:51:25 2023] Enqueueing pair 1359/5126 (26.5%)
[Mon Sep 18 14:51:25 2023] Enqueueing pair 1364/5126 (26.6%)
[Mon Sep 18 14:51:25 2023] Enqueueing pair 1369/5126 (26.7%)
[Mon Sep 18 14:51:25 2023] Enqueueing pair 1374/5126 (26.8%)
[Mon Sep 18 14:51:25 2023] Enqueueing pair 1379/5126 (26.9%)
[Mon Sep 18 14:51:25 2023] Enqueueing pair 1385/5126 (27.0%)
[Mon Sep 18 14:51:25 2023] Enqueueing pair 1390/5126 (27.1%)
[Mon Sep 18 14:51:25 2023] Enqueueing pair 1395/5126 (27.2%)
[Mon Sep 18 14:51:25 2023] Enqueueing pair 1400/5126 (27.3%)
[Mon Sep 18 14:51:25 2023] Enqueueing pair 1405/5126 (27.4%)
[Mon Sep 18 14:51:25 2023] Enqueueing pair 1410/5126 (27.5%)
[Mon Sep 18 14:51:25 2023] Enqueueing pair 1415/5126 (27.6%)
[Mon Sep 18 14:51:25 2023] Enqueueing pair 1420/5126 (27.7%)
[Mon Sep 18 14:51:25 2023] Enqueueing pair 1426/5126 (27.8%)
[Mon Sep 18 14:51:25 2023] Enqueueing pair 1431/5126 (27.9%)
[Mon Sep 18 14:51:25 2023] Enqueueing pair 1436/5126 (28.0%)
[Mon Sep 18 14:51:25 2023] Enqueueing pair 1441/5126 (28.1%)
[Mon Sep 18 14:51:25 2023] Enqueueing pair 1446/5126 (28.2%)
[Mon Sep 18 14:51:25 2023] Enqueueing pair 1451/5126 (28.3%)
[Mon Sep 18 14:51:25 2023] Enqueueing pair 1456/5126 (28.4%)
[Mon Sep 18 14:51:25 2023] Enqueueing pair 1461/5126 (28.5%)
[Mon Sep 18 14:51:25 2023] Enqueueing pair 1467/5126 (28.6%)
[Mon Sep 18 14:51:25 2023] Enqueueing pair 1472/5126 (28.7%)
[Mon Sep 18 14:51:25 2023] Enqueueing pair 1477/5126 (28.8%)
[Mon Sep 18 14:51:25 2023] Enqueueing pair 1482/5126 (28.9%)
[Mon Sep 18 14:51:25 2023] Enqueueing pair 1487/5126 (29.0%)
[Mon Sep 18 14:51:25 2023] Enqueueing pair 1492/5126 (29.1%)
[Mon Sep 18 14:51:25 2023] Enqueueing pair 1497/5126 (29.2%)
[Mon Sep 18 14:51:25 2023] Enqueueing pair 1502/5126 (29.3%)
[Mon Sep 18 14:51:25 2023] Enqueueing pair 1508/5126 (29.4%)
[Mon Sep 18 14:51:25 2023] Enqueueing pair 1513/5126 (29.5%)
[Mon Sep 18 14:51:25 2023] Enqueueing pair 1518/5126 (29.6%)
[Mon Sep 18 14:51:25 2023] Enqueueing pair 1523/5126 (29.7%)
[Mon Sep 18 14:51:25 2023] Enqueueing pair 1528/5126 (29.8%)
[Mon Sep 18 14:51:25 2023] Enqueueing pair 1533/5126 (29.9%)
[Mon Sep 18 14:51:25 2023] Enqueueing pair 1538/5126 (30.0%)
[Mon Sep 18 14:51:25 2023] Enqueueing pair 1543/5126 (30.1%)
[Mon Sep 18 14:51:25 2023] Enqueueing pair 1549/5126 (30.2%)
[Mon Sep 18 14:51:25 2023] Enqueueing pair 1554/5126 (30.3%)
[Mon Sep 18 14:51:25 2023] Enqueueing pair 1559/5126 (30.4%)
[Mon Sep 18 14:51:25 2023] Enqueueing pair 1564/5126 (30.5%)
[Mon Sep 18 14:51:25 2023] Enqueueing pair 1569/5126 (30.6%)
[Mon Sep 18 14:51:25 2023] Enqueueing pair 1574/5126 (30.7%)
[Mon Sep 18 14:51:25 2023] Enqueueing pair 1579/5126 (30.8%)
[Mon Sep 18 14:51:25 2023] Enqueueing pair 1584/5126 (30.9%)
[Mon Sep 18 14:51:25 2023] Enqueueing pair 1590/5126 (31.0%)
[Mon Sep 18 14:51:25 2023] Enqueueing pair 1595/5126 (31.1%)
[Mon Sep 18 14:51:25 2023] Enqueueing pair 1600/5126 (31.2%)
[Mon Sep 18 14:51:25 2023] Enqueueing pair 1605/5126 (31.3%)
[Mon Sep 18 14:51:25 2023] Enqueueing pair 1610/5126 (31.4%)
[Mon Sep 18 14:51:25 2023] Enqueueing pair 1615/5126 (31.5%)
[Mon Sep 18 14:51:25 2023] Enqueueing pair 1620/5126 (31.6%)
[Mon Sep 18 14:51:25 2023] Enqueueing pair 1625/5126 (31.7%)
[Mon Sep 18 14:51:25 2023] Enqueueing pair 1631/5126 (31.8%)
[Mon Sep 18 14:51:25 2023] Enqueueing pair 1636/5126 (31.9%)
[Mon Sep 18 14:51:25 2023] Enqueueing pair 1641/5126 (32.0%)
[Mon Sep 18 14:51:25 2023] Enqueueing pair 1646/5126 (32.1%)
[Mon Sep 18 14:51:25 2023] Enqueueing pair 1651/5126 (32.2%)
[Mon Sep 18 14:51:25 2023] Enqueueing pair 1656/5126 (32.3%)
[Mon Sep 18 14:51:25 2023] Enqueueing pair 1661/5126 (32.4%)
[Mon Sep 18 14:51:25 2023] Enqueueing pair 1666/5126 (32.5%)
[Mon Sep 18 14:51:25 2023] Enqueueing pair 1672/5126 (32.6%)
[Mon Sep 18 14:51:25 2023] Enqueueing pair 1677/5126 (32.7%)
[Mon Sep 18 14:51:25 2023] Enqueueing pair 1682/5126 (32.8%)
[Mon Sep 18 14:51:25 2023] Enqueueing pair 1687/5126 (32.9%)
[Mon Sep 18 14:51:25 2023] Enqueueing pair 1692/5126 (33.0%)
[Mon Sep 18 14:51:25 2023] Enqueueing pair 1697/5126 (33.1%)
[Mon Sep 18 14:51:25 2023] Enqueueing pair 1702/5126 (33.2%)
[Mon Sep 18 14:51:25 2023] Enqueueing pair 1707/5126 (33.3%)
[Mon Sep 18 14:51:25 2023] Enqueueing pair 1713/5126 (33.4%)
[Mon Sep 18 14:51:25 2023] Enqueueing pair 1718/5126 (33.5%)
[Mon Sep 18 14:51:25 2023] Enqueueing pair 1723/5126 (33.6%)
[Mon Sep 18 14:51:25 2023] Enqueueing pair 1728/5126 (33.7%)
[Mon Sep 18 14:51:25 2023] Enqueueing pair 1733/5126 (33.8%)
[Mon Sep 18 14:51:25 2023] Enqueueing pair 1738/5126 (33.9%)
[Mon Sep 18 14:51:25 2023] Enqueueing pair 1743/5126 (34.0%)
[Mon Sep 18 14:51:25 2023] Enqueueing pair 1748/5126 (34.1%)
[Mon Sep 18 14:51:25 2023] Enqueueing pair 1754/5126 (34.2%)
[Mon Sep 18 14:51:25 2023] Enqueueing pair 1759/5126 (34.3%)
[Mon Sep 18 14:51:25 2023] Enqueueing pair 1764/5126 (34.4%)
[Mon Sep 18 14:51:25 2023] Enqueueing pair 1769/5126 (34.5%)
[Mon Sep 18 14:51:25 2023] Enqueueing pair 1774/5126 (34.6%)
[Mon Sep 18 14:51:25 2023] Enqueueing pair 1779/5126 (34.7%)
[Mon Sep 18 14:51:25 2023] Enqueueing pair 1784/5126 (34.8%)
[Mon Sep 18 14:51:25 2023] Enqueueing pair 1789/5126 (34.9%)
[Mon Sep 18 14:51:25 2023] Enqueueing pair 1795/5126 (35.0%)
[Mon Sep 18 14:51:25 2023] Enqueueing pair 1800/5126 (35.1%)
[Mon Sep 18 14:51:25 2023] Enqueueing pair 1805/5126 (35.2%)
[Mon Sep 18 14:51:25 2023] Enqueueing pair 1810/5126 (35.3%)
[Mon Sep 18 14:51:25 2023] Enqueueing pair 1815/5126 (35.4%)
[Mon Sep 18 14:51:25 2023] Enqueueing pair 1820/5126 (35.5%)
[Mon Sep 18 14:51:25 2023] Enqueueing pair 1825/5126 (35.6%)
[Mon Sep 18 14:51:25 2023] Enqueueing pair 1830/5126 (35.7%)
[Mon Sep 18 14:51:25 2023] Enqueueing pair 1836/5126 (35.8%)
[Mon Sep 18 14:51:25 2023] Enqueueing pair 1841/5126 (35.9%)
[Mon Sep 18 14:51:25 2023] Enqueueing pair 1846/5126 (36.0%)
[Mon Sep 18 14:51:25 2023] Enqueueing pair 1851/5126 (36.1%)
[Mon Sep 18 14:51:25 2023] Enqueueing pair 1856/5126 (36.2%)
[Mon Sep 18 14:51:25 2023] Enqueueing pair 1861/5126 (36.3%)
[Mon Sep 18 14:51:25 2023] Enqueueing pair 1866/5126 (36.4%)
[Mon Sep 18 14:51:25 2023] Enqueueing pair 1871/5126 (36.5%)
[Mon Sep 18 14:51:25 2023] Enqueueing pair 1877/5126 (36.6%)
[Mon Sep 18 14:51:25 2023] Enqueueing pair 1882/5126 (36.7%)
[Mon Sep 18 14:51:25 2023] Enqueueing pair 1887/5126 (36.8%)
[Mon Sep 18 14:51:25 2023] Enqueueing pair 1892/5126 (36.9%)
[Mon Sep 18 14:51:25 2023] Enqueueing pair 1897/5126 (37.0%)
[Mon Sep 18 14:51:25 2023] Enqueueing pair 1902/5126 (37.1%)
[Mon Sep 18 14:51:25 2023] Enqueueing pair 1907/5126 (37.2%)
[Mon Sep 18 14:51:25 2023] Enqueueing pair 1912/5126 (37.3%)
[Mon Sep 18 14:51:25 2023] Enqueueing pair 1918/5126 (37.4%)
[Mon Sep 18 14:51:25 2023] Enqueueing pair 1923/5126 (37.5%)
[Mon Sep 18 14:51:25 2023] Enqueueing pair 1928/5126 (37.6%)
[Mon Sep 18 14:51:25 2023] Enqueueing pair 1933/5126 (37.7%)
[Mon Sep 18 14:51:25 2023] Enqueueing pair 1938/5126 (37.8%)
[Mon Sep 18 14:51:25 2023] Enqueueing pair 1943/5126 (37.9%)
[Mon Sep 18 14:51:25 2023] Enqueueing pair 1948/5126 (38.0%)
[Mon Sep 18 14:51:25 2023] Enqueueing pair 1954/5126 (38.1%)
[Mon Sep 18 14:51:25 2023] Enqueueing pair 1959/5126 (38.2%)
[Mon Sep 18 14:51:25 2023] Enqueueing pair 1964/5126 (38.3%)
[Mon Sep 18 14:51:25 2023] Enqueueing pair 1969/5126 (38.4%)
[Mon Sep 18 14:51:25 2023] Enqueueing pair 1974/5126 (38.5%)
[Mon Sep 18 14:51:25 2023] Enqueueing pair 1979/5126 (38.6%)
[Mon Sep 18 14:51:25 2023] Enqueueing pair 1984/5126 (38.7%)
[Mon Sep 18 14:51:25 2023] Enqueueing pair 1989/5126 (38.8%)
[Mon Sep 18 14:51:25 2023] Enqueueing pair 1995/5126 (38.9%)
[Mon Sep 18 14:51:25 2023] Enqueueing pair 2000/5126 (39.0%)
[Mon Sep 18 14:51:25 2023] Enqueueing pair 2005/5126 (39.1%)
[Mon Sep 18 14:51:25 2023] Enqueueing pair 2010/5126 (39.2%)
[Mon Sep 18 14:51:25 2023] Enqueueing pair 2015/5126 (39.3%)
[Mon Sep 18 14:51:25 2023] Enqueueing pair 2020/5126 (39.4%)
[Mon Sep 18 14:51:25 2023] Enqueueing pair 2025/5126 (39.5%)
[Mon Sep 18 14:51:25 2023] Enqueueing pair 2030/5126 (39.6%)
[Mon Sep 18 14:51:25 2023] Enqueueing pair 2036/5126 (39.7%)
[Mon Sep 18 14:51:25 2023] Enqueueing pair 2041/5126 (39.8%)
[Mon Sep 18 14:51:25 2023] Enqueueing pair 2046/5126 (39.9%)
[Mon Sep 18 14:51:25 2023] Enqueueing pair 2051/5126 (40.0%)
[Mon Sep 18 14:51:25 2023] Enqueueing pair 2056/5126 (40.1%)
[Mon Sep 18 14:51:25 2023] Enqueueing pair 2061/5126 (40.2%)
[Mon Sep 18 14:51:25 2023] Enqueueing pair 2066/5126 (40.3%)
[Mon Sep 18 14:51:25 2023] Enqueueing pair 2071/5126 (40.4%)
[Mon Sep 18 14:51:25 2023] Enqueueing pair 2077/5126 (40.5%)
[Mon Sep 18 14:51:25 2023] Enqueueing pair 2082/5126 (40.6%)
[Mon Sep 18 14:51:25 2023] Enqueueing pair 2087/5126 (40.7%)
[Mon Sep 18 14:51:25 2023] Enqueueing pair 2092/5126 (40.8%)
[Mon Sep 18 14:51:25 2023] Enqueueing pair 2097/5126 (40.9%)
[Mon Sep 18 14:51:25 2023] Enqueueing pair 2102/5126 (41.0%)
[Mon Sep 18 14:51:25 2023] Enqueueing pair 2107/5126 (41.1%)
[Mon Sep 18 14:51:25 2023] Enqueueing pair 2112/5126 (41.2%)
[Mon Sep 18 14:51:25 2023] Enqueueing pair 2118/5126 (41.3%)
[Mon Sep 18 14:51:25 2023] Enqueueing pair 2123/5126 (41.4%)
[Mon Sep 18 14:51:25 2023] Enqueueing pair 2128/5126 (41.5%)
[Mon Sep 18 14:51:25 2023] Enqueueing pair 2133/5126 (41.6%)
[Mon Sep 18 14:51:25 2023] Enqueueing pair 2138/5126 (41.7%)
[Mon Sep 18 14:51:25 2023] Enqueueing pair 2143/5126 (41.8%)
[Mon Sep 18 14:51:25 2023] Enqueueing pair 2148/5126 (41.9%)
[Mon Sep 18 14:51:25 2023] Enqueueing pair 2153/5126 (42.0%)
[Mon Sep 18 14:51:25 2023] Enqueueing pair 2159/5126 (42.1%)
[Mon Sep 18 14:51:25 2023] Enqueueing pair 2164/5126 (42.2%)
[Mon Sep 18 14:51:25 2023] Enqueueing pair 2169/5126 (42.3%)
[Mon Sep 18 14:51:25 2023] Enqueueing pair 2174/5126 (42.4%)
[Mon Sep 18 14:51:25 2023] Enqueueing pair 2179/5126 (42.5%)
[Mon Sep 18 14:51:25 2023] Enqueueing pair 2184/5126 (42.6%)
[Mon Sep 18 14:51:25 2023] Enqueueing pair 2189/5126 (42.7%)
[Mon Sep 18 14:51:25 2023] Enqueueing pair 2194/5126 (42.8%)
[Mon Sep 18 14:51:25 2023] Enqueueing pair 2200/5126 (42.9%)
[Mon Sep 18 14:51:25 2023] Enqueueing pair 2205/5126 (43.0%)
[Mon Sep 18 14:51:25 2023] Enqueueing pair 2210/5126 (43.1%)
[Mon Sep 18 14:51:25 2023] Enqueueing pair 2215/5126 (43.2%)
[Mon Sep 18 14:51:25 2023] Enqueueing pair 2220/5126 (43.3%)
[Mon Sep 18 14:51:25 2023] Enqueueing pair 2225/5126 (43.4%)
[Mon Sep 18 14:51:25 2023] Enqueueing pair 2230/5126 (43.5%)
[Mon Sep 18 14:51:25 2023] Enqueueing pair 2235/5126 (43.6%)
[Mon Sep 18 14:51:25 2023] Enqueueing pair 2241/5126 (43.7%)
[Mon Sep 18 14:51:25 2023] Enqueueing pair 2246/5126 (43.8%)
[Mon Sep 18 14:51:25 2023] Enqueueing pair 2251/5126 (43.9%)
[Mon Sep 18 14:51:25 2023] Enqueueing pair 2256/5126 (44.0%)
[Mon Sep 18 14:51:25 2023] Enqueueing pair 2261/5126 (44.1%)
[Mon Sep 18 14:51:25 2023] Enqueueing pair 2266/5126 (44.2%)
[Mon Sep 18 14:51:25 2023] Enqueueing pair 2271/5126 (44.3%)
[Mon Sep 18 14:51:25 2023] Enqueueing pair 2276/5126 (44.4%)
[Mon Sep 18 14:51:25 2023] Enqueueing pair 2282/5126 (44.5%)
[Mon Sep 18 14:51:25 2023] Enqueueing pair 2287/5126 (44.6%)
[Mon Sep 18 14:51:25 2023] Enqueueing pair 2292/5126 (44.7%)
[Mon Sep 18 14:51:25 2023] Enqueueing pair 2297/5126 (44.8%)
[Mon Sep 18 14:51:25 2023] Enqueueing pair 2302/5126 (44.9%)
[Mon Sep 18 14:51:25 2023] Enqueueing pair 2307/5126 (45.0%)
[Mon Sep 18 14:51:25 2023] Enqueueing pair 2312/5126 (45.1%)
[Mon Sep 18 14:51:25 2023] Enqueueing pair 2317/5126 (45.2%)
[Mon Sep 18 14:51:25 2023] Enqueueing pair 2323/5126 (45.3%)
[Mon Sep 18 14:51:25 2023] Enqueueing pair 2328/5126 (45.4%)
[Mon Sep 18 14:51:25 2023] Enqueueing pair 2333/5126 (45.5%)
[Mon Sep 18 14:51:25 2023] Enqueueing pair 2338/5126 (45.6%)
[Mon Sep 18 14:51:25 2023] Enqueueing pair 2343/5126 (45.7%)
[Mon Sep 18 14:51:25 2023] Enqueueing pair 2348/5126 (45.8%)
[Mon Sep 18 14:51:25 2023] Enqueueing pair 2353/5126 (45.9%)
[Mon Sep 18 14:51:25 2023] Enqueueing pair 2358/5126 (46.0%)
[Mon Sep 18 14:51:25 2023] Enqueueing pair 2364/5126 (46.1%)
[Mon Sep 18 14:51:25 2023] Enqueueing pair 2369/5126 (46.2%)
[Mon Sep 18 14:51:25 2023] Enqueueing pair 2374/5126 (46.3%)
[Mon Sep 18 14:51:25 2023] Enqueueing pair 2379/5126 (46.4%)
[Mon Sep 18 14:51:25 2023] Enqueueing pair 2384/5126 (46.5%)
[Mon Sep 18 14:51:25 2023] Enqueueing pair 2389/5126 (46.6%)
[Mon Sep 18 14:51:25 2023] Enqueueing pair 2394/5126 (46.7%)
[Mon Sep 18 14:51:25 2023] Enqueueing pair 2399/5126 (46.8%)
[Mon Sep 18 14:51:25 2023] Enqueueing pair 2405/5126 (46.9%)
[Mon Sep 18 14:51:25 2023] Enqueueing pair 2410/5126 (47.0%)
[Mon Sep 18 14:51:25 2023] Enqueueing pair 2415/5126 (47.1%)
[Mon Sep 18 14:51:25 2023] Enqueueing pair 2420/5126 (47.2%)
[Mon Sep 18 14:51:25 2023] Enqueueing pair 2425/5126 (47.3%)
[Mon Sep 18 14:51:25 2023] Enqueueing pair 2430/5126 (47.4%)
[Mon Sep 18 14:51:25 2023] Enqueueing pair 2435/5126 (47.5%)
[Mon Sep 18 14:51:25 2023] Enqueueing pair 2440/5126 (47.6%)
[Mon Sep 18 14:51:25 2023] Enqueueing pair 2446/5126 (47.7%)
[Mon Sep 18 14:51:25 2023] Enqueueing pair 2451/5126 (47.8%)
[Mon Sep 18 14:51:25 2023] Enqueueing pair 2456/5126 (47.9%)
[Mon Sep 18 14:51:25 2023] Enqueueing pair 2461/5126 (48.0%)
[Mon Sep 18 14:51:25 2023] Enqueueing pair 2466/5126 (48.1%)
[Mon Sep 18 14:51:25 2023] Enqueueing pair 2471/5126 (48.2%)
[Mon Sep 18 14:51:25 2023] Enqueueing pair 2476/5126 (48.3%)
[Mon Sep 18 14:51:25 2023] Enqueueing pair 2481/5126 (48.4%)
[Mon Sep 18 14:51:25 2023] Enqueueing pair 2487/5126 (48.5%)
[Mon Sep 18 14:51:25 2023] Enqueueing pair 2492/5126 (48.6%)
[Mon Sep 18 14:51:25 2023] Enqueueing pair 2497/5126 (48.7%)
[Mon Sep 18 14:51:25 2023] Enqueueing pair 2502/5126 (48.8%)
[Mon Sep 18 14:51:25 2023] Enqueueing pair 2507/5126 (48.9%)
[Mon Sep 18 14:51:25 2023] Enqueueing pair 2512/5126 (49.0%)
[Mon Sep 18 14:51:25 2023] Enqueueing pair 2517/5126 (49.1%)
[Mon Sep 18 14:51:25 2023] Enqueueing pair 2522/5126 (49.2%)
[Mon Sep 18 14:51:25 2023] Enqueueing pair 2528/5126 (49.3%)
[Mon Sep 18 14:51:25 2023] Enqueueing pair 2533/5126 (49.4%)
[Mon Sep 18 14:51:25 2023] Enqueueing pair 2538/5126 (49.5%)
[Mon Sep 18 14:51:25 2023] Enqueueing pair 2543/5126 (49.6%)
[Mon Sep 18 14:51:25 2023] Enqueueing pair 2548/5126 (49.7%)
[Mon Sep 18 14:51:25 2023] Enqueueing pair 2553/5126 (49.8%)
[Mon Sep 18 14:51:25 2023] Enqueueing pair 2558/5126 (49.9%)
[Mon Sep 18 14:51:25 2023] Enqueueing pair 2563/5126 (50.0%)
[Mon Sep 18 14:51:25 2023] Enqueueing pair 2569/5126 (50.1%)
[Mon Sep 18 14:51:25 2023] Enqueueing pair 2574/5126 (50.2%)
[Mon Sep 18 14:51:25 2023] Enqueueing pair 2579/5126 (50.3%)
[Mon Sep 18 14:51:25 2023] Enqueueing pair 2584/5126 (50.4%)
[Mon Sep 18 14:51:25 2023] Enqueueing pair 2589/5126 (50.5%)
[Mon Sep 18 14:51:25 2023] Enqueueing pair 2594/5126 (50.6%)
[Mon Sep 18 14:51:25 2023] Enqueueing pair 2599/5126 (50.7%)
[Mon Sep 18 14:51:25 2023] Enqueueing pair 2605/5126 (50.8%)
[Mon Sep 18 14:51:25 2023] Enqueueing pair 2610/5126 (50.9%)
[Mon Sep 18 14:51:25 2023] Enqueueing pair 2615/5126 (51.0%)
[Mon Sep 18 14:51:25 2023] Enqueueing pair 2620/5126 (51.1%)
[Mon Sep 18 14:51:25 2023] Enqueueing pair 2625/5126 (51.2%)
[Mon Sep 18 14:51:25 2023] Enqueueing pair 2630/5126 (51.3%)
[Mon Sep 18 14:51:25 2023] Enqueueing pair 2635/5126 (51.4%)
[Mon Sep 18 14:51:25 2023] Enqueueing pair 2640/5126 (51.5%)
[Mon Sep 18 14:51:25 2023] Enqueueing pair 2646/5126 (51.6%)
[Mon Sep 18 14:51:25 2023] Enqueueing pair 2651/5126 (51.7%)
[Mon Sep 18 14:51:25 2023] Enqueueing pair 2656/5126 (51.8%)
[Mon Sep 18 14:51:25 2023] Enqueueing pair 2661/5126 (51.9%)
[Mon Sep 18 14:51:25 2023] Enqueueing pair 2666/5126 (52.0%)
[Mon Sep 18 14:51:25 2023] Enqueueing pair 2671/5126 (52.1%)
[Mon Sep 18 14:51:25 2023] Enqueueing pair 2676/5126 (52.2%)
[Mon Sep 18 14:51:25 2023] Enqueueing pair 2681/5126 (52.3%)
[Mon Sep 18 14:51:25 2023] Enqueueing pair 2687/5126 (52.4%)
[Mon Sep 18 14:51:25 2023] Enqueueing pair 2692/5126 (52.5%)
[Mon Sep 18 14:51:25 2023] Enqueueing pair 2697/5126 (52.6%)
[Mon Sep 18 14:51:25 2023] Enqueueing pair 2702/5126 (52.7%)
[Mon Sep 18 14:51:25 2023] Enqueueing pair 2707/5126 (52.8%)
[Mon Sep 18 14:51:25 2023] Enqueueing pair 2712/5126 (52.9%)
[Mon Sep 18 14:51:25 2023] Enqueueing pair 2717/5126 (53.0%)
[Mon Sep 18 14:51:25 2023] Enqueueing pair 2722/5126 (53.1%)
[Mon Sep 18 14:51:25 2023] Enqueueing pair 2728/5126 (53.2%)
[Mon Sep 18 14:51:25 2023] Enqueueing pair 2733/5126 (53.3%)
[Mon Sep 18 14:51:25 2023] Enqueueing pair 2738/5126 (53.4%)
[Mon Sep 18 14:51:25 2023] Enqueueing pair 2743/5126 (53.5%)
[Mon Sep 18 14:51:25 2023] Enqueueing pair 2748/5126 (53.6%)
[Mon Sep 18 14:51:25 2023] Enqueueing pair 2753/5126 (53.7%)
[Mon Sep 18 14:51:25 2023] Enqueueing pair 2758/5126 (53.8%)
[Mon Sep 18 14:51:25 2023] Enqueueing pair 2763/5126 (53.9%)
[Mon Sep 18 14:51:25 2023] Enqueueing pair 2769/5126 (54.0%)
[Mon Sep 18 14:51:25 2023] Enqueueing pair 2774/5126 (54.1%)
[Mon Sep 18 14:51:25 2023] Enqueueing pair 2779/5126 (54.2%)
[Mon Sep 18 14:51:25 2023] Enqueueing pair 2784/5126 (54.3%)
[Mon Sep 18 14:51:25 2023] Enqueueing pair 2789/5126 (54.4%)
[Mon Sep 18 14:51:25 2023] Enqueueing pair 2794/5126 (54.5%)
[Mon Sep 18 14:51:25 2023] Enqueueing pair 2799/5126 (54.6%)
[Mon Sep 18 14:51:25 2023] Enqueueing pair 2804/5126 (54.7%)
[Mon Sep 18 14:51:25 2023] Enqueueing pair 2810/5126 (54.8%)
[Mon Sep 18 14:51:25 2023] Enqueueing pair 2815/5126 (54.9%)
[Mon Sep 18 14:51:25 2023] Enqueueing pair 2820/5126 (55.0%)
[Mon Sep 18 14:51:25 2023] Enqueueing pair 2825/5126 (55.1%)
[Mon Sep 18 14:51:25 2023] Enqueueing pair 2830/5126 (55.2%)
[Mon Sep 18 14:51:25 2023] Enqueueing pair 2835/5126 (55.3%)
[Mon Sep 18 14:51:25 2023] Enqueueing pair 2840/5126 (55.4%)
[Mon Sep 18 14:51:25 2023] Enqueueing pair 2845/5126 (55.5%)
[Mon Sep 18 14:51:25 2023] Enqueueing pair 2851/5126 (55.6%)
[Mon Sep 18 14:51:25 2023] Enqueueing pair 2856/5126 (55.7%)
[Mon Sep 18 14:51:25 2023] Enqueueing pair 2861/5126 (55.8%)
[Mon Sep 18 14:51:25 2023] Enqueueing pair 2866/5126 (55.9%)
[Mon Sep 18 14:51:25 2023] Enqueueing pair 2871/5126 (56.0%)
[Mon Sep 18 14:51:25 2023] Enqueueing pair 2876/5126 (56.1%)
[Mon Sep 18 14:51:25 2023] Enqueueing pair 2881/5126 (56.2%)
[Mon Sep 18 14:51:25 2023] Enqueueing pair 2886/5126 (56.3%)
[Mon Sep 18 14:51:25 2023] Enqueueing pair 2892/5126 (56.4%)
[Mon Sep 18 14:51:25 2023] Enqueueing pair 2897/5126 (56.5%)
[Mon Sep 18 14:51:25 2023] Enqueueing pair 2902/5126 (56.6%)
[Mon Sep 18 14:51:25 2023] Enqueueing pair 2907/5126 (56.7%)
[Mon Sep 18 14:51:25 2023] Enqueueing pair 2912/5126 (56.8%)
[Mon Sep 18 14:51:25 2023] Enqueueing pair 2917/5126 (56.9%)
[Mon Sep 18 14:51:25 2023] Enqueueing pair 2922/5126 (57.0%)
[Mon Sep 18 14:51:25 2023] Enqueueing pair 2927/5126 (57.1%)
[Mon Sep 18 14:51:25 2023] Enqueueing pair 2933/5126 (57.2%)
[Mon Sep 18 14:51:25 2023] Enqueueing pair 2938/5126 (57.3%)
[Mon Sep 18 14:51:25 2023] Enqueueing pair 2943/5126 (57.4%)
[Mon Sep 18 14:51:25 2023] Enqueueing pair 2948/5126 (57.5%)
[Mon Sep 18 14:51:25 2023] Enqueueing pair 2953/5126 (57.6%)
[Mon Sep 18 14:51:25 2023] Enqueueing pair 2958/5126 (57.7%)
[Mon Sep 18 14:51:25 2023] Enqueueing pair 2963/5126 (57.8%)
[Mon Sep 18 14:51:25 2023] Enqueueing pair 2968/5126 (57.9%)
[Mon Sep 18 14:51:25 2023] Enqueueing pair 2974/5126 (58.0%)
[Mon Sep 18 14:51:25 2023] Enqueueing pair 2979/5126 (58.1%)
[Mon Sep 18 14:51:25 2023] Enqueueing pair 2984/5126 (58.2%)
[Mon Sep 18 14:51:25 2023] Enqueueing pair 2989/5126 (58.3%)
[Mon Sep 18 14:51:25 2023] Enqueueing pair 2994/5126 (58.4%)
[Mon Sep 18 14:51:25 2023] Enqueueing pair 2999/5126 (58.5%)
[Mon Sep 18 14:51:25 2023] Enqueueing pair 3004/5126 (58.6%)
[Mon Sep 18 14:51:25 2023] Enqueueing pair 3009/5126 (58.7%)
[Mon Sep 18 14:51:25 2023] Enqueueing pair 3015/5126 (58.8%)
[Mon Sep 18 14:51:25 2023] Enqueueing pair 3020/5126 (58.9%)
[Mon Sep 18 14:51:25 2023] Enqueueing pair 3025/5126 (59.0%)
[Mon Sep 18 14:51:25 2023] Enqueueing pair 3030/5126 (59.1%)
[Mon Sep 18 14:51:25 2023] Enqueueing pair 3035/5126 (59.2%)
[Mon Sep 18 14:51:25 2023] Enqueueing pair 3040/5126 (59.3%)
[Mon Sep 18 14:51:25 2023] Enqueueing pair 3045/5126 (59.4%)
[Mon Sep 18 14:51:25 2023] Enqueueing pair 3050/5126 (59.5%)
[Mon Sep 18 14:51:25 2023] Enqueueing pair 3056/5126 (59.6%)
[Mon Sep 18 14:51:25 2023] Enqueueing pair 3061/5126 (59.7%)
[Mon Sep 18 14:51:25 2023] Enqueueing pair 3066/5126 (59.8%)
[Mon Sep 18 14:51:25 2023] Enqueueing pair 3071/5126 (59.9%)
[Mon Sep 18 14:51:25 2023] Enqueueing pair 3076/5126 (60.0%)
[Mon Sep 18 14:51:25 2023] Enqueueing pair 3081/5126 (60.1%)
[Mon Sep 18 14:51:25 2023] Enqueueing pair 3086/5126 (60.2%)
[Mon Sep 18 14:51:25 2023] Enqueueing pair 3091/5126 (60.3%)
[Mon Sep 18 14:51:25 2023] Enqueueing pair 3097/5126 (60.4%)
[Mon Sep 18 14:51:25 2023] Enqueueing pair 3102/5126 (60.5%)
[Mon Sep 18 14:51:25 2023] Enqueueing pair 3107/5126 (60.6%)
[Mon Sep 18 14:51:25 2023] Enqueueing pair 3112/5126 (60.7%)
[Mon Sep 18 14:51:25 2023] Enqueueing pair 3117/5126 (60.8%)
[Mon Sep 18 14:51:25 2023] Enqueueing pair 3122/5126 (60.9%)
[Mon Sep 18 14:51:26 2023] Enqueueing pair 3127/5126 (61.0%)
[Mon Sep 18 14:51:26 2023] Enqueueing pair 3132/5126 (61.1%)
[Mon Sep 18 14:51:26 2023] Enqueueing pair 3138/5126 (61.2%)
[Mon Sep 18 14:51:26 2023] Enqueueing pair 3143/5126 (61.3%)
[Mon Sep 18 14:51:26 2023] Enqueueing pair 3148/5126 (61.4%)
[Mon Sep 18 14:51:26 2023] Enqueueing pair 3153/5126 (61.5%)
[Mon Sep 18 14:51:26 2023] Enqueueing pair 3158/5126 (61.6%)
[Mon Sep 18 14:51:26 2023] Enqueueing pair 3163/5126 (61.7%)
[Mon Sep 18 14:51:26 2023] Enqueueing pair 3168/5126 (61.8%)
[Mon Sep 18 14:51:26 2023] Enqueueing pair 3173/5126 (61.9%)
[Mon Sep 18 14:51:26 2023] Enqueueing pair 3179/5126 (62.0%)
[Mon Sep 18 14:51:26 2023] Enqueueing pair 3184/5126 (62.1%)
[Mon Sep 18 14:51:26 2023] Enqueueing pair 3189/5126 (62.2%)
[Mon Sep 18 14:51:26 2023] Enqueueing pair 3194/5126 (62.3%)
[Mon Sep 18 14:51:26 2023] Enqueueing pair 3199/5126 (62.4%)
[Mon Sep 18 14:51:26 2023] Enqueueing pair 3204/5126 (62.5%)
[Mon Sep 18 14:51:26 2023] Enqueueing pair 3209/5126 (62.6%)
[Mon Sep 18 14:51:26 2023] Enqueueing pair 3215/5126 (62.7%)
[Mon Sep 18 14:51:26 2023] Enqueueing pair 3220/5126 (62.8%)
[Mon Sep 18 14:51:26 2023] Enqueueing pair 3225/5126 (62.9%)
[Mon Sep 18 14:51:26 2023] Enqueueing pair 3230/5126 (63.0%)
[Mon Sep 18 14:51:26 2023] Enqueueing pair 3235/5126 (63.1%)
[Mon Sep 18 14:51:26 2023] Enqueueing pair 3240/5126 (63.2%)
[Mon Sep 18 14:51:26 2023] Enqueueing pair 3245/5126 (63.3%)
[Mon Sep 18 14:51:26 2023] Enqueueing pair 3250/5126 (63.4%)
[Mon Sep 18 14:51:26 2023] Enqueueing pair 3256/5126 (63.5%)
[Mon Sep 18 14:51:26 2023] Enqueueing pair 3261/5126 (63.6%)
[Mon Sep 18 14:51:26 2023] Enqueueing pair 3266/5126 (63.7%)
[Mon Sep 18 14:51:26 2023] Enqueueing pair 3271/5126 (63.8%)
[Mon Sep 18 14:51:26 2023] Enqueueing pair 3276/5126 (63.9%)
[Mon Sep 18 14:51:26 2023] Enqueueing pair 3281/5126 (64.0%)
[Mon Sep 18 14:51:26 2023] Enqueueing pair 3286/5126 (64.1%)
[Mon Sep 18 14:51:26 2023] Enqueueing pair 3291/5126 (64.2%)
[Mon Sep 18 14:51:26 2023] Enqueueing pair 3297/5126 (64.3%)
[Mon Sep 18 14:51:26 2023] Enqueueing pair 3302/5126 (64.4%)
[Mon Sep 18 14:51:26 2023] Enqueueing pair 3307/5126 (64.5%)
[Mon Sep 18 14:51:26 2023] Enqueueing pair 3312/5126 (64.6%)
[Mon Sep 18 14:51:26 2023] Enqueueing pair 3317/5126 (64.7%)
[Mon Sep 18 14:51:26 2023] Enqueueing pair 3322/5126 (64.8%)
[Mon Sep 18 14:51:26 2023] Enqueueing pair 3327/5126 (64.9%)
[Mon Sep 18 14:51:26 2023] Enqueueing pair 3332/5126 (65.0%)
[Mon Sep 18 14:51:26 2023] Enqueueing pair 3338/5126 (65.1%)
[Mon Sep 18 14:51:26 2023] Enqueueing pair 3343/5126 (65.2%)
[Mon Sep 18 14:51:26 2023] Enqueueing pair 3348/5126 (65.3%)
[Mon Sep 18 14:51:26 2023] Enqueueing pair 3353/5126 (65.4%)
[Mon Sep 18 14:51:26 2023] Enqueueing pair 3358/5126 (65.5%)
[Mon Sep 18 14:51:26 2023] Enqueueing pair 3363/5126 (65.6%)
[Mon Sep 18 14:51:26 2023] Enqueueing pair 3368/5126 (65.7%)
[Mon Sep 18 14:51:26 2023] Enqueueing pair 3373/5126 (65.8%)
[Mon Sep 18 14:51:26 2023] Enqueueing pair 3379/5126 (65.9%)
[Mon Sep 18 14:51:26 2023] Enqueueing pair 3384/5126 (66.0%)
[Mon Sep 18 14:51:26 2023] Enqueueing pair 3389/5126 (66.1%)
[Mon Sep 18 14:51:26 2023] Enqueueing pair 3394/5126 (66.2%)
[Mon Sep 18 14:51:26 2023] Enqueueing pair 3399/5126 (66.3%)
[Mon Sep 18 14:51:26 2023] Enqueueing pair 3404/5126 (66.4%)
[Mon Sep 18 14:51:26 2023] Enqueueing pair 3409/5126 (66.5%)
[Mon Sep 18 14:51:26 2023] Enqueueing pair 3414/5126 (66.6%)
[Mon Sep 18 14:51:26 2023] Enqueueing pair 3420/5126 (66.7%)
[Mon Sep 18 14:51:26 2023] Enqueueing pair 3425/5126 (66.8%)
[Mon Sep 18 14:51:26 2023] Enqueueing pair 3430/5126 (66.9%)
[Mon Sep 18 14:51:26 2023] Enqueueing pair 3435/5126 (67.0%)
[Mon Sep 18 14:51:26 2023] Enqueueing pair 3440/5126 (67.1%)
[Mon Sep 18 14:51:26 2023] Enqueueing pair 3445/5126 (67.2%)
[Mon Sep 18 14:51:26 2023] Enqueueing pair 3450/5126 (67.3%)
[Mon Sep 18 14:51:26 2023] Enqueueing pair 3455/5126 (67.4%)
[Mon Sep 18 14:51:26 2023] Enqueueing pair 3461/5126 (67.5%)
[Mon Sep 18 14:51:26 2023] Enqueueing pair 3466/5126 (67.6%)
[Mon Sep 18 14:51:26 2023] Enqueueing pair 3471/5126 (67.7%)
[Mon Sep 18 14:51:26 2023] Enqueueing pair 3476/5126 (67.8%)
[Mon Sep 18 14:51:26 2023] Enqueueing pair 3481/5126 (67.9%)
[Mon Sep 18 14:51:26 2023] Enqueueing pair 3486/5126 (68.0%)
[Mon Sep 18 14:51:26 2023] Enqueueing pair 3491/5126 (68.1%)
[Mon Sep 18 14:51:26 2023] Enqueueing pair 3496/5126 (68.2%)
[Mon Sep 18 14:51:26 2023] Enqueueing pair 3502/5126 (68.3%)
[Mon Sep 18 14:51:26 2023] Enqueueing pair 3507/5126 (68.4%)
[Mon Sep 18 14:51:26 2023] Enqueueing pair 3512/5126 (68.5%)
[Mon Sep 18 14:51:26 2023] Enqueueing pair 3517/5126 (68.6%)
[Mon Sep 18 14:51:26 2023] Enqueueing pair 3522/5126 (68.7%)
[Mon Sep 18 14:51:26 2023] Enqueueing pair 3527/5126 (68.8%)
[Mon Sep 18 14:51:26 2023] Enqueueing pair 3532/5126 (68.9%)
[Mon Sep 18 14:51:26 2023] Enqueueing pair 3537/5126 (69.0%)
[Mon Sep 18 14:51:26 2023] Enqueueing pair 3543/5126 (69.1%)
[Mon Sep 18 14:51:26 2023] Enqueueing pair 3548/5126 (69.2%)
[Mon Sep 18 14:51:26 2023] Enqueueing pair 3553/5126 (69.3%)
[Mon Sep 18 14:51:26 2023] Enqueueing pair 3558/5126 (69.4%)
[Mon Sep 18 14:51:26 2023] Enqueueing pair 3563/5126 (69.5%)
[Mon Sep 18 14:51:26 2023] Enqueueing pair 3568/5126 (69.6%)
[Mon Sep 18 14:51:26 2023] Enqueueing pair 3573/5126 (69.7%)
[Mon Sep 18 14:51:26 2023] Enqueueing pair 3578/5126 (69.8%)
[Mon Sep 18 14:51:26 2023] Enqueueing pair 3584/5126 (69.9%)
[Mon Sep 18 14:51:26 2023] Enqueueing pair 3589/5126 (70.0%)
[Mon Sep 18 14:51:26 2023] Enqueueing pair 3594/5126 (70.1%)
[Mon Sep 18 14:51:26 2023] Enqueueing pair 3599/5126 (70.2%)
[Mon Sep 18 14:51:26 2023] Enqueueing pair 3604/5126 (70.3%)
[Mon Sep 18 14:51:26 2023] Enqueueing pair 3609/5126 (70.4%)
[Mon Sep 18 14:51:26 2023] Enqueueing pair 3614/5126 (70.5%)
[Mon Sep 18 14:51:26 2023] Enqueueing pair 3619/5126 (70.6%)
[Mon Sep 18 14:51:26 2023] Enqueueing pair 3625/5126 (70.7%)
[Mon Sep 18 14:51:26 2023] Enqueueing pair 3630/5126 (70.8%)
[Mon Sep 18 14:51:26 2023] Enqueueing pair 3635/5126 (70.9%)
[Mon Sep 18 14:51:26 2023] Enqueueing pair 3640/5126 (71.0%)
[Mon Sep 18 14:51:26 2023] Enqueueing pair 3645/5126 (71.1%)
[Mon Sep 18 14:51:26 2023] Enqueueing pair 3650/5126 (71.2%)
[Mon Sep 18 14:51:26 2023] Enqueueing pair 3655/5126 (71.3%)
[Mon Sep 18 14:51:26 2023] Enqueueing pair 3660/5126 (71.4%)
[Mon Sep 18 14:51:26 2023] Enqueueing pair 3666/5126 (71.5%)
[Mon Sep 18 14:51:26 2023] Enqueueing pair 3671/5126 (71.6%)
[Mon Sep 18 14:51:26 2023] Enqueueing pair 3676/5126 (71.7%)
[Mon Sep 18 14:51:26 2023] Enqueueing pair 3681/5126 (71.8%)
[Mon Sep 18 14:51:26 2023] Enqueueing pair 3686/5126 (71.9%)
[Mon Sep 18 14:51:26 2023] Enqueueing pair 3691/5126 (72.0%)
[Mon Sep 18 14:51:26 2023] Enqueueing pair 3696/5126 (72.1%)
[Mon Sep 18 14:51:26 2023] Enqueueing pair 3701/5126 (72.2%)
[Mon Sep 18 14:51:26 2023] Enqueueing pair 3707/5126 (72.3%)
[Mon Sep 18 14:51:26 2023] Enqueueing pair 3712/5126 (72.4%)
[Mon Sep 18 14:51:26 2023] Enqueueing pair 3717/5126 (72.5%)
[Mon Sep 18 14:51:26 2023] Enqueueing pair 3722/5126 (72.6%)
[Mon Sep 18 14:51:26 2023] Enqueueing pair 3727/5126 (72.7%)
[Mon Sep 18 14:51:26 2023] Enqueueing pair 3732/5126 (72.8%)
[Mon Sep 18 14:51:26 2023] Enqueueing pair 3737/5126 (72.9%)
[Mon Sep 18 14:51:26 2023] Enqueueing pair 3742/5126 (73.0%)
[Mon Sep 18 14:51:26 2023] Enqueueing pair 3748/5126 (73.1%)
[Mon Sep 18 14:51:26 2023] Enqueueing pair 3753/5126 (73.2%)
[Mon Sep 18 14:51:26 2023] Enqueueing pair 3758/5126 (73.3%)
[Mon Sep 18 14:51:26 2023] Enqueueing pair 3763/5126 (73.4%)
[Mon Sep 18 14:51:26 2023] Enqueueing pair 3768/5126 (73.5%)
[Mon Sep 18 14:51:26 2023] Enqueueing pair 3773/5126 (73.6%)
[Mon Sep 18 14:51:26 2023] Enqueueing pair 3778/5126 (73.7%)
[Mon Sep 18 14:51:26 2023] Enqueueing pair 3783/5126 (73.8%)
[Mon Sep 18 14:51:26 2023] Enqueueing pair 3789/5126 (73.9%)
[Mon Sep 18 14:51:26 2023] Enqueueing pair 3794/5126 (74.0%)
[Mon Sep 18 14:51:26 2023] Enqueueing pair 3799/5126 (74.1%)
[Mon Sep 18 14:51:26 2023] Enqueueing pair 3804/5126 (74.2%)
[Mon Sep 18 14:51:26 2023] Enqueueing pair 3809/5126 (74.3%)
[Mon Sep 18 14:51:26 2023] Enqueueing pair 3814/5126 (74.4%)
[Mon Sep 18 14:51:26 2023] Enqueueing pair 3819/5126 (74.5%)
[Mon Sep 18 14:51:26 2023] Enqueueing pair 3824/5126 (74.6%)
[Mon Sep 18 14:51:26 2023] Enqueueing pair 3830/5126 (74.7%)
[Mon Sep 18 14:51:26 2023] Enqueueing pair 3835/5126 (74.8%)
[Mon Sep 18 14:51:26 2023] Enqueueing pair 3840/5126 (74.9%)
[Mon Sep 18 14:51:26 2023] Enqueueing pair 3845/5126 (75.0%)
[Mon Sep 18 14:51:26 2023] Enqueueing pair 3850/5126 (75.1%)
[Mon Sep 18 14:51:26 2023] Enqueueing pair 3855/5126 (75.2%)
[Mon Sep 18 14:51:26 2023] Enqueueing pair 3860/5126 (75.3%)
[Mon Sep 18 14:51:26 2023] Enqueueing pair 3866/5126 (75.4%)
[Mon Sep 18 14:51:26 2023] Enqueueing pair 3871/5126 (75.5%)
[Mon Sep 18 14:51:26 2023] Enqueueing pair 3876/5126 (75.6%)
[Mon Sep 18 14:51:26 2023] Enqueueing pair 3881/5126 (75.7%)
[Mon Sep 18 14:51:26 2023] Enqueueing pair 3886/5126 (75.8%)
[Mon Sep 18 14:51:26 2023] Enqueueing pair 3891/5126 (75.9%)
[Mon Sep 18 14:51:26 2023] Enqueueing pair 3896/5126 (76.0%)
[Mon Sep 18 14:51:26 2023] Enqueueing pair 3901/5126 (76.1%)
[Mon Sep 18 14:51:26 2023] Enqueueing pair 3907/5126 (76.2%)
[Mon Sep 18 14:51:26 2023] Enqueueing pair 3912/5126 (76.3%)
[Mon Sep 18 14:51:26 2023] Enqueueing pair 3917/5126 (76.4%)
[Mon Sep 18 14:51:26 2023] Enqueueing pair 3922/5126 (76.5%)
[Mon Sep 18 14:51:26 2023] Enqueueing pair 3927/5126 (76.6%)
[Mon Sep 18 14:51:26 2023] Enqueueing pair 3932/5126 (76.7%)
[Mon Sep 18 14:51:26 2023] Enqueueing pair 3937/5126 (76.8%)
[Mon Sep 18 14:51:26 2023] Enqueueing pair 3942/5126 (76.9%)
[Mon Sep 18 14:51:26 2023] Enqueueing pair 3948/5126 (77.0%)
[Mon Sep 18 14:51:26 2023] Enqueueing pair 3953/5126 (77.1%)
[Mon Sep 18 14:51:26 2023] Enqueueing pair 3958/5126 (77.2%)
[Mon Sep 18 14:51:26 2023] Enqueueing pair 3963/5126 (77.3%)
[Mon Sep 18 14:51:26 2023] Enqueueing pair 3968/5126 (77.4%)
[Mon Sep 18 14:51:26 2023] Enqueueing pair 3973/5126 (77.5%)
[Mon Sep 18 14:51:26 2023] Enqueueing pair 3978/5126 (77.6%)
[Mon Sep 18 14:51:26 2023] Enqueueing pair 3983/5126 (77.7%)
[Mon Sep 18 14:51:26 2023] Enqueueing pair 3989/5126 (77.8%)
[Mon Sep 18 14:51:26 2023] Enqueueing pair 3994/5126 (77.9%)
[Mon Sep 18 14:51:26 2023] Enqueueing pair 3999/5126 (78.0%)
[Mon Sep 18 14:51:26 2023] Enqueueing pair 4004/5126 (78.1%)
[Mon Sep 18 14:51:26 2023] Enqueueing pair 4009/5126 (78.2%)
[Mon Sep 18 14:51:26 2023] Enqueueing pair 4014/5126 (78.3%)
[Mon Sep 18 14:51:26 2023] Enqueueing pair 4019/5126 (78.4%)
[Mon Sep 18 14:51:26 2023] Enqueueing pair 4024/5126 (78.5%)
[Mon Sep 18 14:51:26 2023] Enqueueing pair 4030/5126 (78.6%)
[Mon Sep 18 14:51:26 2023] Enqueueing pair 4035/5126 (78.7%)
[Mon Sep 18 14:51:26 2023] Enqueueing pair 4040/5126 (78.8%)
[Mon Sep 18 14:51:26 2023] Enqueueing pair 4045/5126 (78.9%)
[Mon Sep 18 14:51:26 2023] Enqueueing pair 4050/5126 (79.0%)
[Mon Sep 18 14:51:26 2023] Enqueueing pair 4055/5126 (79.1%)
[Mon Sep 18 14:51:26 2023] Enqueueing pair 4060/5126 (79.2%)
[Mon Sep 18 14:51:26 2023] Enqueueing pair 4065/5126 (79.3%)
[Mon Sep 18 14:51:26 2023] Enqueueing pair 4071/5126 (79.4%)
[Mon Sep 18 14:51:26 2023] Enqueueing pair 4076/5126 (79.5%)
[Mon Sep 18 14:51:26 2023] Enqueueing pair 4081/5126 (79.6%)
[Mon Sep 18 14:51:26 2023] Enqueueing pair 4086/5126 (79.7%)
[Mon Sep 18 14:51:26 2023] Enqueueing pair 4091/5126 (79.8%)
[Mon Sep 18 14:51:26 2023] Enqueueing pair 4096/5126 (79.9%)
[Mon Sep 18 14:51:26 2023] Enqueueing pair 4101/5126 (80.0%)
[Mon Sep 18 14:51:26 2023] Enqueueing pair 4106/5126 (80.1%)
[Mon Sep 18 14:51:26 2023] Enqueueing pair 4112/5126 (80.2%)
[Mon Sep 18 14:51:26 2023] Enqueueing pair 4117/5126 (80.3%)
[Mon Sep 18 14:51:26 2023] Enqueueing pair 4122/5126 (80.4%)
[Mon Sep 18 14:51:26 2023] Enqueueing pair 4127/5126 (80.5%)
[Mon Sep 18 14:51:26 2023] Enqueueing pair 4132/5126 (80.6%)
[Mon Sep 18 14:51:26 2023] Enqueueing pair 4137/5126 (80.7%)
[Mon Sep 18 14:51:26 2023] Enqueueing pair 4142/5126 (80.8%)
[Mon Sep 18 14:51:26 2023] Enqueueing pair 4147/5126 (80.9%)
[Mon Sep 18 14:51:26 2023] Enqueueing pair 4153/5126 (81.0%)
[Mon Sep 18 14:51:26 2023] Enqueueing pair 4158/5126 (81.1%)
[Mon Sep 18 14:51:26 2023] Enqueueing pair 4163/5126 (81.2%)
[Mon Sep 18 14:51:26 2023] Enqueueing pair 4168/5126 (81.3%)
[Mon Sep 18 14:51:26 2023] Enqueueing pair 4173/5126 (81.4%)
[Mon Sep 18 14:51:26 2023] Enqueueing pair 4178/5126 (81.5%)
[Mon Sep 18 14:51:26 2023] Enqueueing pair 4183/5126 (81.6%)
[Mon Sep 18 14:51:26 2023] Enqueueing pair 4188/5126 (81.7%)
[Mon Sep 18 14:51:26 2023] Enqueueing pair 4194/5126 (81.8%)
[Mon Sep 18 14:51:26 2023] Enqueueing pair 4199/5126 (81.9%)
[Mon Sep 18 14:51:26 2023] Enqueueing pair 4204/5126 (82.0%)
[Mon Sep 18 14:51:26 2023] Enqueueing pair 4209/5126 (82.1%)
[Mon Sep 18 14:51:26 2023] Enqueueing pair 4214/5126 (82.2%)
[Mon Sep 18 14:51:26 2023] Enqueueing pair 4219/5126 (82.3%)
[Mon Sep 18 14:51:26 2023] Enqueueing pair 4224/5126 (82.4%)
[Mon Sep 18 14:51:26 2023] Enqueueing pair 4229/5126 (82.5%)
[Mon Sep 18 14:51:26 2023] Enqueueing pair 4235/5126 (82.6%)
[Mon Sep 18 14:51:26 2023] Enqueueing pair 4240/5126 (82.7%)
[Mon Sep 18 14:51:26 2023] Enqueueing pair 4245/5126 (82.8%)
[Mon Sep 18 14:51:26 2023] Enqueueing pair 4250/5126 (82.9%)
[Mon Sep 18 14:51:26 2023] Enqueueing pair 4255/5126 (83.0%)
[Mon Sep 18 14:51:26 2023] Enqueueing pair 4260/5126 (83.1%)
[Mon Sep 18 14:51:26 2023] Enqueueing pair 4265/5126 (83.2%)
[Mon Sep 18 14:51:26 2023] Enqueueing pair 4270/5126 (83.3%)
[Mon Sep 18 14:51:26 2023] Enqueueing pair 4276/5126 (83.4%)
[Mon Sep 18 14:51:26 2023] Enqueueing pair 4281/5126 (83.5%)
[Mon Sep 18 14:51:26 2023] Enqueueing pair 4286/5126 (83.6%)
[Mon Sep 18 14:51:26 2023] Enqueueing pair 4291/5126 (83.7%)
[Mon Sep 18 14:51:26 2023] Enqueueing pair 4296/5126 (83.8%)
[Mon Sep 18 14:51:26 2023] Enqueueing pair 4301/5126 (83.9%)
[Mon Sep 18 14:51:26 2023] Enqueueing pair 4306/5126 (84.0%)
[Mon Sep 18 14:51:26 2023] Enqueueing pair 4311/5126 (84.1%)
[Mon Sep 18 14:51:26 2023] Enqueueing pair 4317/5126 (84.2%)
[Mon Sep 18 14:51:26 2023] Enqueueing pair 4322/5126 (84.3%)
[Mon Sep 18 14:51:26 2023] Enqueueing pair 4327/5126 (84.4%)
[Mon Sep 18 14:51:26 2023] Enqueueing pair 4332/5126 (84.5%)
[Mon Sep 18 14:51:26 2023] Enqueueing pair 4337/5126 (84.6%)
[Mon Sep 18 14:51:26 2023] Enqueueing pair 4342/5126 (84.7%)
[Mon Sep 18 14:51:26 2023] Enqueueing pair 4347/5126 (84.8%)
[Mon Sep 18 14:51:26 2023] Enqueueing pair 4352/5126 (84.9%)
[Mon Sep 18 14:51:26 2023] Enqueueing pair 4358/5126 (85.0%)
[Mon Sep 18 14:51:26 2023] Enqueueing pair 4363/5126 (85.1%)
[Mon Sep 18 14:51:26 2023] Enqueueing pair 4368/5126 (85.2%)
[Mon Sep 18 14:51:26 2023] Enqueueing pair 4373/5126 (85.3%)
[Mon Sep 18 14:51:26 2023] Enqueueing pair 4378/5126 (85.4%)
[Mon Sep 18 14:51:26 2023] Enqueueing pair 4383/5126 (85.5%)
[Mon Sep 18 14:51:26 2023] Enqueueing pair 4388/5126 (85.6%)
[Mon Sep 18 14:51:26 2023] Enqueueing pair 4393/5126 (85.7%)
[Mon Sep 18 14:51:26 2023] Enqueueing pair 4399/5126 (85.8%)
[Mon Sep 18 14:51:26 2023] Enqueueing pair 4404/5126 (85.9%)
[Mon Sep 18 14:51:26 2023] Enqueueing pair 4409/5126 (86.0%)
[Mon Sep 18 14:51:26 2023] Enqueueing pair 4414/5126 (86.1%)
[Mon Sep 18 14:51:26 2023] Enqueueing pair 4419/5126 (86.2%)
[Mon Sep 18 14:51:26 2023] Enqueueing pair 4424/5126 (86.3%)
[Mon Sep 18 14:51:26 2023] Enqueueing pair 4429/5126 (86.4%)
[Mon Sep 18 14:51:26 2023] Enqueueing pair 4434/5126 (86.5%)
[Mon Sep 18 14:51:26 2023] Enqueueing pair 4440/5126 (86.6%)
[Mon Sep 18 14:51:26 2023] Enqueueing pair 4445/5126 (86.7%)
[Mon Sep 18 14:51:26 2023] Enqueueing pair 4450/5126 (86.8%)
[Mon Sep 18 14:51:26 2023] Enqueueing pair 4455/5126 (86.9%)
[Mon Sep 18 14:51:26 2023] Enqueueing pair 4460/5126 (87.0%)
[Mon Sep 18 14:51:26 2023] Enqueueing pair 4465/5126 (87.1%)
[Mon Sep 18 14:51:26 2023] Enqueueing pair 4470/5126 (87.2%)
[Mon Sep 18 14:51:26 2023] Enqueueing pair 4475/5126 (87.3%)
[Mon Sep 18 14:51:26 2023] Enqueueing pair 4481/5126 (87.4%)
[Mon Sep 18 14:51:26 2023] Enqueueing pair 4486/5126 (87.5%)
[Mon Sep 18 14:51:26 2023] Enqueueing pair 4491/5126 (87.6%)
[Mon Sep 18 14:51:26 2023] Enqueueing pair 4496/5126 (87.7%)
[Mon Sep 18 14:51:26 2023] Enqueueing pair 4501/5126 (87.8%)
[Mon Sep 18 14:51:26 2023] Enqueueing pair 4506/5126 (87.9%)
[Mon Sep 18 14:51:26 2023] Enqueueing pair 4511/5126 (88.0%)
[Mon Sep 18 14:51:26 2023] Enqueueing pair 4517/5126 (88.1%)
[Mon Sep 18 14:51:26 2023] Enqueueing pair 4522/5126 (88.2%)
[Mon Sep 18 14:51:26 2023] Enqueueing pair 4527/5126 (88.3%)
[Mon Sep 18 14:51:26 2023] Enqueueing pair 4532/5126 (88.4%)
[Mon Sep 18 14:51:26 2023] Enqueueing pair 4537/5126 (88.5%)
[Mon Sep 18 14:51:26 2023] Enqueueing pair 4542/5126 (88.6%)
[Mon Sep 18 14:51:26 2023] Enqueueing pair 4547/5126 (88.7%)
[Mon Sep 18 14:51:26 2023] Enqueueing pair 4552/5126 (88.8%)
[Mon Sep 18 14:51:26 2023] Enqueueing pair 4558/5126 (88.9%)
[Mon Sep 18 14:51:26 2023] Enqueueing pair 4563/5126 (89.0%)
[Mon Sep 18 14:51:26 2023] Enqueueing pair 4568/5126 (89.1%)
[Mon Sep 18 14:51:26 2023] Enqueueing pair 4573/5126 (89.2%)
[Mon Sep 18 14:51:26 2023] Enqueueing pair 4578/5126 (89.3%)
[Mon Sep 18 14:51:26 2023] Enqueueing pair 4583/5126 (89.4%)
[Mon Sep 18 14:51:26 2023] Enqueueing pair 4588/5126 (89.5%)
[Mon Sep 18 14:51:26 2023] Enqueueing pair 4593/5126 (89.6%)
[Mon Sep 18 14:51:26 2023] Enqueueing pair 4599/5126 (89.7%)
[Mon Sep 18 14:51:26 2023] Enqueueing pair 4604/5126 (89.8%)
[Mon Sep 18 14:51:26 2023] Enqueueing pair 4609/5126 (89.9%)
[Mon Sep 18 14:51:26 2023] Enqueueing pair 4614/5126 (90.0%)
[Mon Sep 18 14:51:26 2023] Enqueueing pair 4619/5126 (90.1%)
[Mon Sep 18 14:51:26 2023] Enqueueing pair 4624/5126 (90.2%)
[Mon Sep 18 14:51:26 2023] Enqueueing pair 4629/5126 (90.3%)
[Mon Sep 18 14:51:26 2023] Enqueueing pair 4634/5126 (90.4%)
[Mon Sep 18 14:51:26 2023] Enqueueing pair 4640/5126 (90.5%)
[Mon Sep 18 14:51:26 2023] Enqueueing pair 4645/5126 (90.6%)
[Mon Sep 18 14:51:26 2023] Enqueueing pair 4650/5126 (90.7%)
[Mon Sep 18 14:51:26 2023] Enqueueing pair 4655/5126 (90.8%)
[Mon Sep 18 14:51:26 2023] Enqueueing pair 4660/5126 (90.9%)
[Mon Sep 18 14:51:26 2023] Enqueueing pair 4665/5126 (91.0%)
[Mon Sep 18 14:51:26 2023] Enqueueing pair 4670/5126 (91.1%)
[Mon Sep 18 14:51:26 2023] Enqueueing pair 4675/5126 (91.2%)
[Mon Sep 18 14:51:26 2023] Enqueueing pair 4681/5126 (91.3%)
[Mon Sep 18 14:51:26 2023] Enqueueing pair 4686/5126 (91.4%)
[Mon Sep 18 14:51:26 2023] Enqueueing pair 4691/5126 (91.5%)
[Mon Sep 18 14:51:26 2023] Enqueueing pair 4696/5126 (91.6%)
[Mon Sep 18 14:51:26 2023] Enqueueing pair 4701/5126 (91.7%)
[Mon Sep 18 14:51:26 2023] Enqueueing pair 4706/5126 (91.8%)
[Mon Sep 18 14:51:26 2023] Enqueueing pair 4711/5126 (91.9%)
[Mon Sep 18 14:51:26 2023] Enqueueing pair 4716/5126 (92.0%)
[Mon Sep 18 14:51:26 2023] Enqueueing pair 4722/5126 (92.1%)
[Mon Sep 18 14:51:26 2023] Enqueueing pair 4727/5126 (92.2%)
[Mon Sep 18 14:51:26 2023] Enqueueing pair 4732/5126 (92.3%)
[Mon Sep 18 14:51:26 2023] Enqueueing pair 4737/5126 (92.4%)
[Mon Sep 18 14:51:26 2023] Enqueueing pair 4742/5126 (92.5%)
[Mon Sep 18 14:51:26 2023] Enqueueing pair 4747/5126 (92.6%)
[Mon Sep 18 14:51:26 2023] Enqueueing pair 4752/5126 (92.7%)
[Mon Sep 18 14:51:26 2023] Enqueueing pair 4757/5126 (92.8%)
[Mon Sep 18 14:51:26 2023] Enqueueing pair 4763/5126 (92.9%)
[Mon Sep 18 14:51:26 2023] Enqueueing pair 4768/5126 (93.0%)
[Mon Sep 18 14:51:26 2023] Enqueueing pair 4773/5126 (93.1%)
[Mon Sep 18 14:51:26 2023] Enqueueing pair 4778/5126 (93.2%)
[Mon Sep 18 14:51:26 2023] Enqueueing pair 4783/5126 (93.3%)
[Mon Sep 18 14:51:26 2023] Enqueueing pair 4788/5126 (93.4%)
[Mon Sep 18 14:51:26 2023] Enqueueing pair 4793/5126 (93.5%)
[Mon Sep 18 14:51:26 2023] Enqueueing pair 4798/5126 (93.6%)
[Mon Sep 18 14:51:26 2023] Enqueueing pair 4804/5126 (93.7%)
[Mon Sep 18 14:51:26 2023] Enqueueing pair 4809/5126 (93.8%)
[Mon Sep 18 14:51:26 2023] Enqueueing pair 4814/5126 (93.9%)
[Mon Sep 18 14:51:26 2023] Enqueueing pair 4819/5126 (94.0%)
[Mon Sep 18 14:51:26 2023] Enqueueing pair 4824/5126 (94.1%)
[Mon Sep 18 14:51:26 2023] Enqueueing pair 4829/5126 (94.2%)
[Mon Sep 18 14:51:26 2023] Enqueueing pair 4834/5126 (94.3%)
[Mon Sep 18 14:51:26 2023] Enqueueing pair 4839/5126 (94.4%)
[Mon Sep 18 14:51:26 2023] Enqueueing pair 4845/5126 (94.5%)
[Mon Sep 18 14:51:26 2023] Enqueueing pair 4850/5126 (94.6%)
[Mon Sep 18 14:51:26 2023] Enqueueing pair 4855/5126 (94.7%)
[Mon Sep 18 14:51:26 2023] Enqueueing pair 4860/5126 (94.8%)
[Mon Sep 18 14:51:26 2023] Enqueueing pair 4865/5126 (94.9%)
[Mon Sep 18 14:51:26 2023] Enqueueing pair 4870/5126 (95.0%)
[Mon Sep 18 14:51:26 2023] Enqueueing pair 4875/5126 (95.1%)
[Mon Sep 18 14:51:26 2023] Enqueueing pair 4880/5126 (95.2%)
[Mon Sep 18 14:51:26 2023] Enqueueing pair 4886/5126 (95.3%)
[Mon Sep 18 14:51:26 2023] Enqueueing pair 4891/5126 (95.4%)
[Mon Sep 18 14:51:26 2023] Enqueueing pair 4896/5126 (95.5%)
[Mon Sep 18 14:51:33 2023] Enqueueing pair 4901/5126 (95.6%)
[Mon Sep 18 14:51:33 2023] Enqueueing pair 4906/5126 (95.7%)
[Mon Sep 18 14:51:33 2023] Enqueueing pair 4911/5126 (95.8%)
[Mon Sep 18 14:51:33 2023] Enqueueing pair 4916/5126 (95.9%)
[Mon Sep 18 14:51:33 2023] Enqueueing pair 4921/5126 (96.0%)
[Mon Sep 18 14:51:33 2023] Enqueueing pair 4927/5126 (96.1%)
[Mon Sep 18 14:51:33 2023] Enqueueing pair 4932/5126 (96.2%)
[Mon Sep 18 14:51:33 2023] Enqueueing pair 4937/5126 (96.3%)
[Mon Sep 18 14:51:33 2023] Enqueueing pair 4942/5126 (96.4%)
[Mon Sep 18 14:51:33 2023] Enqueueing pair 4947/5126 (96.5%)
[Mon Sep 18 14:51:33 2023] Enqueueing pair 4952/5126 (96.6%)
[Mon Sep 18 14:51:33 2023] Enqueueing pair 4957/5126 (96.7%)
[Mon Sep 18 14:51:33 2023] Enqueueing pair 4962/5126 (96.8%)
[Mon Sep 18 14:51:33 2023] Enqueueing pair 4968/5126 (96.9%)
[Mon Sep 18 14:51:33 2023] Enqueueing pair 4973/5126 (97.0%)
[Mon Sep 18 14:51:33 2023] Enqueueing pair 4978/5126 (97.1%)
[Mon Sep 18 14:51:33 2023] Enqueueing pair 4983/5126 (97.2%)
[Mon Sep 18 14:51:33 2023] Enqueueing pair 4988/5126 (97.3%)
[Mon Sep 18 14:51:33 2023] Enqueueing pair 4993/5126 (97.4%)
[Mon Sep 18 14:51:33 2023] Enqueueing pair 4998/5126 (97.5%)
[Mon Sep 18 14:51:34 2023] Enqueueing pair 5003/5126 (97.6%)
[Mon Sep 18 14:51:34 2023] Enqueueing pair 5009/5126 (97.7%)
[Mon Sep 18 14:51:34 2023] Enqueueing pair 5014/5126 (97.8%)
[Mon Sep 18 14:51:34 2023] Enqueueing pair 5019/5126 (97.9%)
[Mon Sep 18 14:51:34 2023] Enqueueing pair 5024/5126 (98.0%)
[Mon Sep 18 14:51:34 2023] Enqueueing pair 5029/5126 (98.1%)
[Mon Sep 18 14:51:34 2023] Enqueueing pair 5034/5126 (98.2%)
[Mon Sep 18 14:51:34 2023] Enqueueing pair 5039/5126 (98.3%)
[Mon Sep 18 14:51:34 2023] Enqueueing pair 5044/5126 (98.4%)
[Mon Sep 18 14:51:34 2023] Enqueueing pair 5050/5126 (98.5%)
[Mon Sep 18 14:51:34 2023] Enqueueing pair 5055/5126 (98.6%)
[Mon Sep 18 14:51:34 2023] Enqueueing pair 5060/5126 (98.7%)
[Mon Sep 18 14:51:34 2023] Enqueueing pair 5065/5126 (98.8%)
[Mon Sep 18 14:51:34 2023] Enqueueing pair 5070/5126 (98.9%)
[Mon Sep 18 14:51:34 2023] Enqueueing pair 5075/5126 (99.0%)
[Mon Sep 18 14:51:34 2023] Enqueueing pair 5080/5126 (99.1%)
[Mon Sep 18 14:51:34 2023] Enqueueing pair 5085/5126 (99.2%)
[Mon Sep 18 14:51:34 2023] Enqueueing pair 5091/5126 (99.3%)
[Mon Sep 18 14:51:34 2023] Enqueueing pair 5096/5126 (99.4%)
[Mon Sep 18 14:51:34 2023] Enqueueing pair 5101/5126 (99.5%)
[Mon Sep 18 14:51:34 2023] Enqueueing pair 5106/5126 (99.6%)
[Mon Sep 18 14:51:34 2023] Enqueueing pair 5111/5126 (99.7%)
[Mon Sep 18 14:51:34 2023] Enqueueing pair 5116/5126 (99.8%)
[Mon Sep 18 14:51:34 2023] Enqueueing pair 5121/5126 (99.9%)
[Mon Sep 18 14:52:05 2023] 5126/5126 (100%) pairs aligned
[Mon Sep 18 14:52:05 2023] Alignment of pairs finished
[Mon Sep 18 14:52:05 2023] Translating coordinates from local pair level to contig level
[Mon Sep 18 14:52:06 2023] Finished spliced alignment
[Mon Sep 18 14:52:06 2023] Flagging top chains
[Mon Sep 18 14:52:06 2023] Processing the output
[Mon Sep 18 14:52:07 2023] Output processed
[Mon Sep 18 14:52:07 2023] ProtHint finished.
